C:\DOCUMENTS AND SETTINGS\ADMINISTRATOR\桌面\FTPCLIENT\DEBUG\FTPCLIENT.EXE
C:\DOCUMENTS AND SETTINGS\ADMINISTRATOR\桌面\FTPCLIENT\DEBUG\FTPCLIENT.ILK
C:\DOCUMENTS AND SETTINGS\ADMINISTRATOR\桌面\FTPCLIENT\DEBUG\FTPCLIENT.PDB
C:\Documents and Settings\Administrator\桌面\FTPClient\FTPClient\Debug\cl.command.1.tlog
C:\Documents and Settings\Administrator\桌面\FTPClient\FTPClient\Debug\CL.read.1.tlog
C:\Documents and Settings\Administrator\桌面\FTPClient\FTPClient\Debug\CL.write.1.tlog
C:\DOCUMENTS AND SETTINGS\ADMINISTRATOR\桌面\FTPCLIENT\FTPCLIENT\DEBUG\FTPCLIENT.EXE.EMBED.MANIFEST
C:\DOCUMENTS AND SETTINGS\ADMINISTRATOR\桌面\FTPCLIENT\FTPCLIENT\DEBUG\FTPCLIENT.EXE.EMBED.MANIFEST.RES
C:\DOCUMENTS AND SETTINGS\ADMINISTRATOR\桌面\FTPCLIENT\FTPCLIENT\DEBUG\FTPCLIENT.EXE.INTERMEDIATE.MANIFEST
C:\DOCUMENTS AND SETTINGS\ADMINISTRATOR\桌面\FTPCLIENT\FTPCLIENT\DEBUG\FTPCLIENT.OBJ
C:\DOCUMENTS AND SETTINGS\ADMINISTRATOR\桌面\FTPCLIENT\FTPCLIENT\DEBUG\FTPCLIENT.PCH
C:\DOCUMENTS AND SETTINGS\ADMINISTRATOR\桌面\FTPCLIENT\FTPCLIENT\DEBUG\FTPCLIENT.RES
C:\Documents and Settings\Administrator\桌面\FTPClient\FTPClient\Debug\FTPClient_manifest.rc
C:\DOCUMENTS AND SETTINGS\ADMINISTRATOR\桌面\FTPCLIENT\FTPCLIENT\DEBUG\FTPCLIENTDLG.OBJ
C:\Documents and Settings\Administrator\桌面\FTPClient\FTPClient\Debug\link.command.1.tlog
C:\Documents and Settings\Administrator\桌面\FTPClient\FTPClient\Debug\link.read.1.tlog
C:\Documents and Settings\Administrator\桌面\FTPClient\FTPClient\Debug\link.write.1.tlog
C:\Documents and Settings\Administrator\桌面\FTPClient\FTPClient\Debug\link-cvtres.read.1.tlog
C:\Documents and Settings\Administrator\桌面\FTPClient\FTPClient\Debug\link-cvtres.write.1.tlog
C:\Documents and Settings\Administrator\桌面\FTPClient\FTPClient\Debug\mt.command.1.tlog
C:\Documents and Settings\Administrator\桌面\FTPClient\FTPClient\Debug\mt.read.1.tlog
C:\Documents and Settings\Administrator\桌面\FTPClient\FTPClient\Debug\mt.write.1.tlog
C:\Documents and Settings\Administrator\桌面\FTPClient\FTPClient\Debug\rc.command.1.tlog
C:\Documents and Settings\Administrator\桌面\FTPClient\FTPClient\Debug\rc.read.1.tlog
C:\Documents and Settings\Administrator\桌面\FTPClient\FTPClient\Debug\rc.write.1.tlog
C:\DOCUMENTS AND SETTINGS\ADMINISTRATOR\桌面\FTPCLIENT\FTPCLIENT\DEBUG\STDAFX.OBJ
C:\Documents and Settings\Administrator\桌面\FTPClient\FTPClient\Debug\vc100.idb
C:\DOCUMENTS AND SETTINGS\ADMINISTRATOR\桌面\FTPCLIENT\FTPCLIENT\DEBUG\VC100.PDB
