Flow report for ChrisLinn
Wed Jul 03 14:11:38 2013
Quartus II Version 7.0 Build 33 02/05/2007 SJ Full Version


---------------------
; Table of Contents ;
---------------------
  1. Legal Notice
  2. Flow Summary
  3. Flow Settings
  4. Flow Non-Default Global Settings
  5. Flow Elapsed Time
  6. Flow Log



----------------
; Legal Notice ;
----------------
Copyright (C) 1991-2007 Altera Corporation
Your use of Altera Corporation's design tools, logic functions 
and other software and tools, and its AMPP partner logic 
functions, and any output files from any of the foregoing 
(including device programming or simulation files), and any 
associated documentation or information are expressly subject 
to the terms and conditions of the Altera Program License 
Subscription Agreement, Altera MegaCore Function License 
Agreement, or other applicable license agreement, including, 
without limitation, that your use is for the sole purpose of 
programming logic devices manufactured by Altera and sold by 
Altera or its authorized distributors.  Please refer to the 
applicable agreement for further details.



+------------------------------------------------------------------------------+
; Flow Summary                                                                 ;
+------------------------------------+-----------------------------------------+
; Flow Status                        ; Successful - Wed Jul 03 14:11:32 2013   ;
; Quartus II Version                 ; 7.0 Build 33 02/05/2007 SJ Full Version ;
; Revision Name                      ; ChrisLinn                               ;
; Top-level Entity Name              ; ChrisLinn                               ;
; Family                             ; Cyclone II                              ;
; Device                             ; EP2C35F484C8                            ;
; Timing Models                      ; Final                                   ;
; Met timing requirements            ; Yes                                     ;
; Total logic elements               ; 813 / 33,216 ( 2 % )                    ;
;     Total combinational functions  ; 813 / 33,216 ( 2 % )                    ;
;     Dedicated logic registers      ; 247 / 33,216 ( < 1 % )                  ;
; Total registers                    ; 247                                     ;
; Total pins                         ; 17 / 322 ( 5 % )                        ;
; Total virtual pins                 ; 0                                       ;
; Total memory bits                  ; 0 / 483,840 ( 0 % )                     ;
; Embedded Multiplier 9-bit elements ; 0 / 70 ( 0 % )                          ;
; Total PLLs                         ; 0 / 4 ( 0 % )                           ;
+------------------------------------+-----------------------------------------+


+-----------------------------------------+
; Flow Settings                           ;
+-------------------+---------------------+
; Option            ; Setting             ;
+-------------------+---------------------+
; Start date & time ; 07/03/2013 14:07:20 ;
; Main task         ; Compilation         ;
; Revision Name     ; ChrisLinn           ;
+-------------------+---------------------+


+----------------------------------------------------------------------------+
; Flow Non-Default Global Settings                                           ;
+------------------------+--------+---------------+-------------+------------+
; Assignment Name        ; Value  ; Default Value ; Entity Name ; Section Id ;
+------------------------+--------+---------------+-------------+------------+
; PARTITION_NETLIST_TYPE ; SOURCE ; --            ; --          ; Top        ;
+------------------------+--------+---------------+-------------+------------+


+----------------------------------------+
; Flow Elapsed Time                      ;
+-------------------------+--------------+
; Module Name             ; Elapsed Time ;
+-------------------------+--------------+
; Analysis & Synthesis    ; 00:01:08     ;
; Partition Merge         ; 00:00:10     ;
; Fitter                  ; 00:00:32     ;
; Assembler               ; 00:00:46     ;
; Classic Timing Analyzer ; 00:00:22     ;
; Total                   ; 00:02:58     ;
+-------------------------+--------------+


------------
; Flow Log ;
------------
quartus_map --read_settings_files=on --write_settings_files=off ChrisLinn -c ChrisLinn
quartus_cdb --read_settings_files=off --write_settings_files=off ChrisLinn -c ChrisLinn --merge=on
quartus_fit --read_settings_files=off --write_settings_files=off ChrisLinn -c ChrisLinn
quartus_asm --read_settings_files=off --write_settings_files=off ChrisLinn -c ChrisLinn
quartus_tan --read_settings_files=off --write_settings_files=off ChrisLinn -c ChrisLinn --timing_analysis_only



