Analysis & Synthesis report for ChrisLinn
Wed Jul 03 14:08:18 2013
Quartus II Version 7.0 Build 33 02/05/2007 SJ Full Version


---------------------
; Table of Contents ;
---------------------
  1. Legal Notice
  2. Analysis & Synthesis Summary
  3. Analysis & Synthesis Settings
  4. Analysis & Synthesis Source Files Read
  5. Analysis & Synthesis Resource Usage Summary
  6. Analysis & Synthesis Resource Utilization by Entity
  7. State Machine - |ChrisLinn|BugKiller:inst21|sta
  8. State Machine - |ChrisLinn|BugKiller:inst20|sta
  9. State Machine - |ChrisLinn|BugKiller:inst19|sta
 10. State Machine - |ChrisLinn|BugKiller:inst18|sta
 11. State Machine - |ChrisLinn|BugKiller:inst17|sta
 12. State Machine - |ChrisLinn|BugKiller:inst16|sta
 13. State Machine - |ChrisLinn|BugKiller:inst15|sta
 14. State Machine - |ChrisLinn|BugKiller:inst14|sta
 15. State Machine - |ChrisLinn|BugKiller:inst13|sta
 16. Registers Removed During Synthesis
 17. General Register Statistics
 18. Multiplexer Restructuring Statistics (Restructuring Performed)
 19. Analysis & Synthesis Messages



----------------
; Legal Notice ;
----------------
Copyright (C) 1991-2007 Altera Corporation
Your use of Altera Corporation's design tools, logic functions 
and other software and tools, and its AMPP partner logic 
functions, and any output files from any of the foregoing 
(including device programming or simulation files), and any 
associated documentation or information are expressly subject 
to the terms and conditions of the Altera Program License 
Subscription Agreement, Altera MegaCore Function License 
Agreement, or other applicable license agreement, including, 
without limitation, that your use is for the sole purpose of 
programming logic devices manufactured by Altera and sold by 
Altera or its authorized distributors.  Please refer to the 
applicable agreement for further details.



+------------------------------------------------------------------------------+
; Analysis & Synthesis Summary                                                 ;
+------------------------------------+-----------------------------------------+
; Analysis & Synthesis Status        ; Successful - Wed Jul 03 14:08:16 2013   ;
; Quartus II Version                 ; 7.0 Build 33 02/05/2007 SJ Full Version ;
; Revision Name                      ; ChrisLinn                               ;
; Top-level Entity Name              ; ChrisLinn                               ;
; Family                             ; Cyclone II                              ;
; Total logic elements               ; 813                                     ;
;     Total combinational functions  ; 813                                     ;
;     Dedicated logic registers      ; 247                                     ;
; Total registers                    ; N/A until Partition Merge               ;
; Total pins                         ; N/A until Partition Merge               ;
; Total virtual pins                 ; N/A until Partition Merge               ;
; Total memory bits                  ; N/A until Partition Merge               ;
; Embedded Multiplier 9-bit elements ; N/A until Partition Merge               ;
; Total PLLs                         ; N/A until Partition Merge               ;
+------------------------------------+-----------------------------------------+


+--------------------------------------------------------------------------------------------------------------+
; Analysis & Synthesis Settings                                                                                ;
+--------------------------------------------------------------------+--------------------+--------------------+
; Option                                                             ; Setting            ; Default Value      ;
+--------------------------------------------------------------------+--------------------+--------------------+
; Device                                                             ; EP2C35F484C8       ;                    ;
; Top-level entity name                                              ; ChrisLinn          ; ChrisLinn          ;
; Family name                                                        ; Cyclone II         ; Stratix            ;
; Restructure Multiplexers                                           ; Auto               ; Auto               ;
; Create Debugging Nodes for IP Cores                                ; Off                ; Off                ;
; Preserve fewer node names                                          ; On                 ; On                 ;
; Disable OpenCore Plus hardware evaluation                          ; Off                ; Off                ;
; Verilog Version                                                    ; Verilog_2001       ; Verilog_2001       ;
; VHDL Version                                                       ; VHDL93             ; VHDL93             ;
; State Machine Processing                                           ; Auto               ; Auto               ;
; Safe State Machine                                                 ; Off                ; Off                ;
; Extract Verilog State Machines                                     ; On                 ; On                 ;
; Extract VHDL State Machines                                        ; On                 ; On                 ;
; Ignore Verilog initial constructs                                  ; Off                ; Off                ;
; Add Pass-Through Logic to Inferred RAMs                            ; On                 ; On                 ;
; DSP Block Balancing                                                ; Auto               ; Auto               ;
; NOT Gate Push-Back                                                 ; On                 ; On                 ;
; Power-Up Don't Care                                                ; On                 ; On                 ;
; Remove Redundant Logic Cells                                       ; Off                ; Off                ;
; Remove Duplicate Registers                                         ; On                 ; On                 ;
; Ignore CARRY Buffers                                               ; Off                ; Off                ;
; Ignore CASCADE Buffers                                             ; Off                ; Off                ;
; Ignore GLOBAL Buffers                                              ; Off                ; Off                ;
; Ignore ROW GLOBAL Buffers                                          ; Off                ; Off                ;
; Ignore LCELL Buffers                                               ; Off                ; Off                ;
; Ignore SOFT Buffers                                                ; On                 ; On                 ;
; Limit AHDL Integers to 32 Bits                                     ; Off                ; Off                ;
; Optimization Technique -- Cyclone II                               ; Balanced           ; Balanced           ;
; Carry Chain Length -- Stratix/Stratix GX/Cyclone/MAX II/Cyclone II ; 70                 ; 70                 ;
; Auto Carry Chains                                                  ; On                 ; On                 ;
; Auto Open-Drain Pins                                               ; On                 ; On                 ;
; Perform WYSIWYG Primitive Resynthesis                              ; Off                ; Off                ;
; Perform gate-level register retiming                               ; Off                ; Off                ;
; Allow register retiming to trade off Tsu/Tco with Fmax             ; On                 ; On                 ;
; Auto ROM Replacement                                               ; On                 ; On                 ;
; Auto RAM Replacement                                               ; On                 ; On                 ;
; Auto Shift Register Replacement                                    ; On                 ; On                 ;
; Auto Clock Enable Replacement                                      ; On                 ; On                 ;
; Allow Synchronous Control Signals                                  ; On                 ; On                 ;
; Force Use of Synchronous Clear Signals                             ; Off                ; Off                ;
; Auto RAM to Logic Cell Conversion                                  ; Off                ; Off                ;
; Auto Resource Sharing                                              ; Off                ; Off                ;
; Allow Any RAM Size For Recognition                                 ; Off                ; Off                ;
; Allow Any ROM Size For Recognition                                 ; Off                ; Off                ;
; Allow Any Shift Register Size For Recognition                      ; Off                ; Off                ;
; Ignore translate_off and synthesis_off directives                  ; Off                ; Off                ;
; Show Parameter Settings Tables in Synthesis Report                 ; On                 ; On                 ;
; Ignore Maximum Fan-Out Assignments                                 ; Off                ; Off                ;
; Retiming Meta-Stability Register Sequence Length                   ; 2                  ; 2                  ;
; PowerPlay Power Optimization                                       ; Normal compilation ; Normal compilation ;
; HDL message level                                                  ; Level2             ; Level2             ;
; Suppress Register Optimization Related Messages                    ; Off                ; Off                ;
; Number of Removed Registers Reported in Synthesis Report           ; 100                ; 100                ;
; Use smart compilation                                              ; Off                ; Off                ;
+--------------------------------------------------------------------+--------------------+--------------------+


+--------------------------------------------------------------------------------------------------------------------------------------+
; Analysis & Synthesis Source Files Read                                                                                               ;
+----------------------------------+-----------------+------------------------------------+--------------------------------------------+
; File Name with User-Entered Path ; Used in Netlist ; File Type                          ; File Name with Absolute Path               ;
+----------------------------------+-----------------+------------------------------------+--------------------------------------------+
; AngryPuppy.v                     ; yes             ; User Verilog HDL File              ; H:/Temp/数电实习版本控制/4++/AngryPuppy.v  ;
; BugKiller.v                      ; yes             ; User Verilog HDL File              ; H:/Temp/数电实习版本控制/4++/BugKiller.v   ;
; Gen.v                            ; yes             ; User Verilog HDL File              ; H:/Temp/数电实习版本控制/4++/Gen.v         ;
; ChrisLinn.bdf                    ; yes             ; User Block Diagram/Schematic File  ; H:/Temp/数电实习版本控制/4++/ChrisLinn.bdf ;
+----------------------------------+-----------------+------------------------------------+--------------------------------------------+


+-----------------------------------------------------+
; Analysis & Synthesis Resource Usage Summary         ;
+---------------------------------------------+-------+
; Resource                                    ; Usage ;
+---------------------------------------------+-------+
; Estimated Total logic elements              ; 813   ;
;                                             ;       ;
; Total combinational functions               ; 813   ;
; Logic element usage by number of LUT inputs ;       ;
;     -- 4 input functions                    ; 503   ;
;     -- 3 input functions                    ; 65    ;
;     -- <=2 input functions                  ; 245   ;
;                                             ;       ;
; Logic elements by mode                      ;       ;
;     -- normal mode                          ; 622   ;
;     -- arithmetic mode                      ; 191   ;
;                                             ;       ;
; Total registers                             ; 247   ;
;     -- Dedicated logic registers            ; 247   ;
;     -- I/O registers                        ; 0     ;
;                                             ;       ;
; I/O pins                                    ; 0     ;
; Maximum fan-out node                        ; clk   ;
; Maximum fan-out                             ; 247   ;
; Total fan-out                               ; 3188  ;
; Average fan-out                             ; 2.96  ;
+---------------------------------------------+-------+


+----------------------------------------------------------------------------------------------------------------------------------------------------------------------+
; Analysis & Synthesis Resource Utilization by Entity                                                                                                                  ;
+----------------------------+-------------------+--------------+-------------+--------------+---------+-----------+------+--------------+-----------------------------+
; Compilation Hierarchy Node ; LC Combinationals ; LC Registers ; Memory Bits ; DSP Elements ; DSP 9x9 ; DSP 18x18 ; Pins ; Virtual Pins ; Full Hierarchy Name         ;
+----------------------------+-------------------+--------------+-------------+--------------+---------+-----------+------+--------------+-----------------------------+
; |ChrisLinn                 ; 813 (0)           ; 247 (0)      ; 0           ; 0            ; 0       ; 0         ; 0    ; 0            ; |ChrisLinn                  ;
;    |AngryPuppy:inst2|      ; 11 (11)           ; 0 (0)        ; 0           ; 0            ; 0       ; 0         ; 0    ; 0            ; |ChrisLinn|AngryPuppy:inst2 ;
;    |BugKiller:inst13|      ; 55 (55)           ; 25 (25)      ; 0           ; 0            ; 0       ; 0         ; 0    ; 0            ; |ChrisLinn|BugKiller:inst13 ;
;    |BugKiller:inst14|      ; 55 (55)           ; 25 (25)      ; 0           ; 0            ; 0       ; 0         ; 0    ; 0            ; |ChrisLinn|BugKiller:inst14 ;
;    |BugKiller:inst15|      ; 55 (55)           ; 25 (25)      ; 0           ; 0            ; 0       ; 0         ; 0    ; 0            ; |ChrisLinn|BugKiller:inst15 ;
;    |BugKiller:inst16|      ; 55 (55)           ; 25 (25)      ; 0           ; 0            ; 0       ; 0         ; 0    ; 0            ; |ChrisLinn|BugKiller:inst16 ;
;    |BugKiller:inst17|      ; 55 (55)           ; 25 (25)      ; 0           ; 0            ; 0       ; 0         ; 0    ; 0            ; |ChrisLinn|BugKiller:inst17 ;
;    |BugKiller:inst18|      ; 55 (55)           ; 25 (25)      ; 0           ; 0            ; 0       ; 0         ; 0    ; 0            ; |ChrisLinn|BugKiller:inst18 ;
;    |BugKiller:inst19|      ; 55 (55)           ; 25 (25)      ; 0           ; 0            ; 0       ; 0         ; 0    ; 0            ; |ChrisLinn|BugKiller:inst19 ;
;    |BugKiller:inst20|      ; 55 (55)           ; 25 (25)      ; 0           ; 0            ; 0       ; 0         ; 0    ; 0            ; |ChrisLinn|BugKiller:inst20 ;
;    |BugKiller:inst21|      ; 55 (55)           ; 25 (25)      ; 0           ; 0            ; 0       ; 0         ; 0    ; 0            ; |ChrisLinn|BugKiller:inst21 ;
;    |Gen:inst|              ; 307 (307)         ; 22 (22)      ; 0           ; 0            ; 0       ; 0         ; 0    ; 0            ; |ChrisLinn|Gen:inst         ;
+----------------------------+-------------------+--------------+-------------+--------------+---------+-----------+------+--------------+-----------------------------+
Note: For table entries with two numbers listed, the numbers in parentheses indicate the number of resources of the given type used by the specific entity alone. The numbers listed outside of parentheses indicate the total resources of the given type used by the specific entity and all of its sub-entities in the hierarchy.


Encoding Type:  One-Hot
+---------------------------------------------------------------------+
; State Machine - |ChrisLinn|BugKiller:inst21|sta                     ;
+---------+---------+---------+---------+---------+---------+---------+
; Name    ; sta.101 ; sta.001 ; sta.010 ; sta.011 ; sta.100 ; sta.000 ;
+---------+---------+---------+---------+---------+---------+---------+
; sta.000 ; 0       ; 0       ; 0       ; 0       ; 0       ; 0       ;
; sta.100 ; 0       ; 0       ; 0       ; 0       ; 1       ; 1       ;
; sta.011 ; 0       ; 0       ; 0       ; 1       ; 0       ; 1       ;
; sta.010 ; 0       ; 0       ; 1       ; 0       ; 0       ; 1       ;
; sta.001 ; 0       ; 1       ; 0       ; 0       ; 0       ; 1       ;
; sta.101 ; 1       ; 0       ; 0       ; 0       ; 0       ; 1       ;
+---------+---------+---------+---------+---------+---------+---------+


Encoding Type:  One-Hot
+---------------------------------------------------------------------+
; State Machine - |ChrisLinn|BugKiller:inst20|sta                     ;
+---------+---------+---------+---------+---------+---------+---------+
; Name    ; sta.101 ; sta.001 ; sta.010 ; sta.011 ; sta.100 ; sta.000 ;
+---------+---------+---------+---------+---------+---------+---------+
; sta.000 ; 0       ; 0       ; 0       ; 0       ; 0       ; 0       ;
; sta.100 ; 0       ; 0       ; 0       ; 0       ; 1       ; 1       ;
; sta.011 ; 0       ; 0       ; 0       ; 1       ; 0       ; 1       ;
; sta.010 ; 0       ; 0       ; 1       ; 0       ; 0       ; 1       ;
; sta.001 ; 0       ; 1       ; 0       ; 0       ; 0       ; 1       ;
; sta.101 ; 1       ; 0       ; 0       ; 0       ; 0       ; 1       ;
+---------+---------+---------+---------+---------+---------+---------+


Encoding Type:  One-Hot
+---------------------------------------------------------------------+
; State Machine - |ChrisLinn|BugKiller:inst19|sta                     ;
+---------+---------+---------+---------+---------+---------+---------+
; Name    ; sta.101 ; sta.001 ; sta.010 ; sta.011 ; sta.100 ; sta.000 ;
+---------+---------+---------+---------+---------+---------+---------+
; sta.000 ; 0       ; 0       ; 0       ; 0       ; 0       ; 0       ;
; sta.100 ; 0       ; 0       ; 0       ; 0       ; 1       ; 1       ;
; sta.011 ; 0       ; 0       ; 0       ; 1       ; 0       ; 1       ;
; sta.010 ; 0       ; 0       ; 1       ; 0       ; 0       ; 1       ;
; sta.001 ; 0       ; 1       ; 0       ; 0       ; 0       ; 1       ;
; sta.101 ; 1       ; 0       ; 0       ; 0       ; 0       ; 1       ;
+---------+---------+---------+---------+---------+---------+---------+


Encoding Type:  One-Hot
+---------------------------------------------------------------------+
; State Machine - |ChrisLinn|BugKiller:inst18|sta                     ;
+---------+---------+---------+---------+---------+---------+---------+
; Name    ; sta.101 ; sta.001 ; sta.010 ; sta.011 ; sta.100 ; sta.000 ;
+---------+---------+---------+---------+---------+---------+---------+
; sta.000 ; 0       ; 0       ; 0       ; 0       ; 0       ; 0       ;
; sta.100 ; 0       ; 0       ; 0       ; 0       ; 1       ; 1       ;
; sta.011 ; 0       ; 0       ; 0       ; 1       ; 0       ; 1       ;
; sta.010 ; 0       ; 0       ; 1       ; 0       ; 0       ; 1       ;
; sta.001 ; 0       ; 1       ; 0       ; 0       ; 0       ; 1       ;
; sta.101 ; 1       ; 0       ; 0       ; 0       ; 0       ; 1       ;
+---------+---------+---------+---------+---------+---------+---------+


Encoding Type:  One-Hot
+---------------------------------------------------------------------+
; State Machine - |ChrisLinn|BugKiller:inst17|sta                     ;
+---------+---------+---------+---------+---------+---------+---------+
; Name    ; sta.101 ; sta.001 ; sta.010 ; sta.011 ; sta.100 ; sta.000 ;
+---------+---------+---------+---------+---------+---------+---------+
; sta.000 ; 0       ; 0       ; 0       ; 0       ; 0       ; 0       ;
; sta.100 ; 0       ; 0       ; 0       ; 0       ; 1       ; 1       ;
; sta.011 ; 0       ; 0       ; 0       ; 1       ; 0       ; 1       ;
; sta.010 ; 0       ; 0       ; 1       ; 0       ; 0       ; 1       ;
; sta.001 ; 0       ; 1       ; 0       ; 0       ; 0       ; 1       ;
; sta.101 ; 1       ; 0       ; 0       ; 0       ; 0       ; 1       ;
+---------+---------+---------+---------+---------+---------+---------+


Encoding Type:  One-Hot
+---------------------------------------------------------------------+
; State Machine - |ChrisLinn|BugKiller:inst16|sta                     ;
+---------+---------+---------+---------+---------+---------+---------+
; Name    ; sta.101 ; sta.001 ; sta.010 ; sta.011 ; sta.100 ; sta.000 ;
+---------+---------+---------+---------+---------+---------+---------+
; sta.000 ; 0       ; 0       ; 0       ; 0       ; 0       ; 0       ;
; sta.100 ; 0       ; 0       ; 0       ; 0       ; 1       ; 1       ;
; sta.011 ; 0       ; 0       ; 0       ; 1       ; 0       ; 1       ;
; sta.010 ; 0       ; 0       ; 1       ; 0       ; 0       ; 1       ;
; sta.001 ; 0       ; 1       ; 0       ; 0       ; 0       ; 1       ;
; sta.101 ; 1       ; 0       ; 0       ; 0       ; 0       ; 1       ;
+---------+---------+---------+---------+---------+---------+---------+


Encoding Type:  One-Hot
+---------------------------------------------------------------------+
; State Machine - |ChrisLinn|BugKiller:inst15|sta                     ;
+---------+---------+---------+---------+---------+---------+---------+
; Name    ; sta.101 ; sta.001 ; sta.010 ; sta.011 ; sta.100 ; sta.000 ;
+---------+---------+---------+---------+---------+---------+---------+
; sta.000 ; 0       ; 0       ; 0       ; 0       ; 0       ; 0       ;
; sta.100 ; 0       ; 0       ; 0       ; 0       ; 1       ; 1       ;
; sta.011 ; 0       ; 0       ; 0       ; 1       ; 0       ; 1       ;
; sta.010 ; 0       ; 0       ; 1       ; 0       ; 0       ; 1       ;
; sta.001 ; 0       ; 1       ; 0       ; 0       ; 0       ; 1       ;
; sta.101 ; 1       ; 0       ; 0       ; 0       ; 0       ; 1       ;
+---------+---------+---------+---------+---------+---------+---------+


Encoding Type:  One-Hot
+---------------------------------------------------------------------+
; State Machine - |ChrisLinn|BugKiller:inst14|sta                     ;
+---------+---------+---------+---------+---------+---------+---------+
; Name    ; sta.101 ; sta.001 ; sta.010 ; sta.011 ; sta.100 ; sta.000 ;
+---------+---------+---------+---------+---------+---------+---------+
; sta.000 ; 0       ; 0       ; 0       ; 0       ; 0       ; 0       ;
; sta.100 ; 0       ; 0       ; 0       ; 0       ; 1       ; 1       ;
; sta.011 ; 0       ; 0       ; 0       ; 1       ; 0       ; 1       ;
; sta.010 ; 0       ; 0       ; 1       ; 0       ; 0       ; 1       ;
; sta.001 ; 0       ; 1       ; 0       ; 0       ; 0       ; 1       ;
; sta.101 ; 1       ; 0       ; 0       ; 0       ; 0       ; 1       ;
+---------+---------+---------+---------+---------+---------+---------+


Encoding Type:  One-Hot
+---------------------------------------------------------------------+
; State Machine - |ChrisLinn|BugKiller:inst13|sta                     ;
+---------+---------+---------+---------+---------+---------+---------+
; Name    ; sta.101 ; sta.001 ; sta.010 ; sta.011 ; sta.100 ; sta.000 ;
+---------+---------+---------+---------+---------+---------+---------+
; sta.000 ; 0       ; 0       ; 0       ; 0       ; 0       ; 0       ;
; sta.100 ; 0       ; 0       ; 0       ; 0       ; 1       ; 1       ;
; sta.011 ; 0       ; 0       ; 0       ; 1       ; 0       ; 1       ;
; sta.010 ; 0       ; 0       ; 1       ; 0       ; 0       ; 1       ;
; sta.001 ; 0       ; 1       ; 0       ; 0       ; 0       ; 1       ;
; sta.101 ; 1       ; 0       ; 0       ; 0       ; 0       ; 1       ;
+---------+---------+---------+---------+---------+---------+---------+


+-------------------------------------------------------------+
; Registers Removed During Synthesis                          ;
+----------------------------------------+--------------------+
; Register name                          ; Reason for Removal ;
+----------------------------------------+--------------------+
; inst21/sta.010                         ; Lost fanout        ;
; inst21/sta.101                         ; Lost fanout        ;
; inst20/sta.010                         ; Lost fanout        ;
; inst20/sta.101                         ; Lost fanout        ;
; inst19/sta.010                         ; Lost fanout        ;
; inst19/sta.101                         ; Lost fanout        ;
; inst18/sta.010                         ; Lost fanout        ;
; inst18/sta.101                         ; Lost fanout        ;
; inst17/sta.010                         ; Lost fanout        ;
; inst17/sta.101                         ; Lost fanout        ;
; inst16/sta.010                         ; Lost fanout        ;
; inst16/sta.101                         ; Lost fanout        ;
; inst15/sta.010                         ; Lost fanout        ;
; inst15/sta.101                         ; Lost fanout        ;
; inst14/sta.010                         ; Lost fanout        ;
; inst14/sta.101                         ; Lost fanout        ;
; inst13/sta.010                         ; Lost fanout        ;
; inst13/sta.101                         ; Lost fanout        ;
; inst21/sta~9                           ; Lost fanout        ;
; inst21/sta~10                          ; Lost fanout        ;
; inst21/sta~11                          ; Lost fanout        ;
; inst20/sta~9                           ; Lost fanout        ;
; inst20/sta~10                          ; Lost fanout        ;
; inst20/sta~11                          ; Lost fanout        ;
; inst19/sta~9                           ; Lost fanout        ;
; inst19/sta~10                          ; Lost fanout        ;
; inst19/sta~11                          ; Lost fanout        ;
; inst18/sta~9                           ; Lost fanout        ;
; inst18/sta~10                          ; Lost fanout        ;
; inst18/sta~11                          ; Lost fanout        ;
; inst17/sta~9                           ; Lost fanout        ;
; inst17/sta~10                          ; Lost fanout        ;
; inst17/sta~11                          ; Lost fanout        ;
; inst16/sta~9                           ; Lost fanout        ;
; inst16/sta~10                          ; Lost fanout        ;
; inst16/sta~11                          ; Lost fanout        ;
; inst15/sta~9                           ; Lost fanout        ;
; inst15/sta~10                          ; Lost fanout        ;
; inst15/sta~11                          ; Lost fanout        ;
; inst14/sta~9                           ; Lost fanout        ;
; inst14/sta~10                          ; Lost fanout        ;
; inst14/sta~11                          ; Lost fanout        ;
; inst13/sta~9                           ; Lost fanout        ;
; inst13/sta~10                          ; Lost fanout        ;
; inst13/sta~11                          ; Lost fanout        ;
; Total Number of Removed Registers = 45 ;                    ;
+----------------------------------------+--------------------+


+------------------------------------------------------+
; General Register Statistics                          ;
+----------------------------------------------+-------+
; Statistic                                    ; Value ;
+----------------------------------------------+-------+
; Total registers                              ; 247   ;
; Number of registers using Synchronous Clear  ; 0     ;
; Number of registers using Synchronous Load   ; 0     ;
; Number of registers using Asynchronous Clear ; 0     ;
; Number of registers using Asynchronous Load  ; 0     ;
; Number of registers using Clock Enable       ; 0     ;
; Number of registers using Preset             ; 0     ;
+----------------------------------------------+-------+


+-----------------------------------------------------------------------------------------------------------------------------------------------------+
; Multiplexer Restructuring Statistics (Restructuring Performed)                                                                                      ;
+--------------------+-----------+---------------+----------------------+------------------------+------------+---------------------------------------+
; Multiplexer Inputs ; Bus Width ; Baseline Area ; Area if Restructured ; Saving if Restructured ; Registered ; Example Multiplexer Output            ;
+--------------------+-----------+---------------+----------------------+------------------------+------------+---------------------------------------+
; 5:1                ; 20 bits   ; 60 LEs        ; 20 LEs               ; 40 LEs                 ; Yes        ; |ChrisLinn|BugKiller:inst21|ti[10]    ;
; 5:1                ; 20 bits   ; 60 LEs        ; 20 LEs               ; 40 LEs                 ; Yes        ; |ChrisLinn|BugKiller:inst20|ti[18]    ;
; 5:1                ; 20 bits   ; 60 LEs        ; 20 LEs               ; 40 LEs                 ; Yes        ; |ChrisLinn|BugKiller:inst19|ti[18]    ;
; 5:1                ; 20 bits   ; 60 LEs        ; 20 LEs               ; 40 LEs                 ; Yes        ; |ChrisLinn|BugKiller:inst18|ti[18]    ;
; 5:1                ; 20 bits   ; 60 LEs        ; 20 LEs               ; 40 LEs                 ; Yes        ; |ChrisLinn|BugKiller:inst17|ti[18]    ;
; 5:1                ; 20 bits   ; 60 LEs        ; 20 LEs               ; 40 LEs                 ; Yes        ; |ChrisLinn|BugKiller:inst16|ti[8]     ;
; 5:1                ; 20 bits   ; 60 LEs        ; 20 LEs               ; 40 LEs                 ; Yes        ; |ChrisLinn|BugKiller:inst15|ti[8]     ;
; 5:1                ; 20 bits   ; 60 LEs        ; 20 LEs               ; 40 LEs                 ; Yes        ; |ChrisLinn|BugKiller:inst14|ti[18]    ;
; 5:1                ; 20 bits   ; 60 LEs        ; 20 LEs               ; 40 LEs                 ; Yes        ; |ChrisLinn|BugKiller:inst13|ti[17]    ;
; 74:1               ; 21 bits   ; 1029 LEs      ; 21 LEs               ; 1008 LEs               ; Yes        ; |ChrisLinn|Gen:inst|ti[9]             ;
; 7:1                ; 2 bits    ; 8 LEs         ; 8 LEs                ; 0 LEs                  ; No         ; |ChrisLinn|AngryPuppy:inst2|signal[0] ;
+--------------------+-----------+---------------+----------------------+------------------------+------------+---------------------------------------+


+-------------------------------+
; Analysis & Synthesis Messages ;
+-------------------------------+
Info: *******************************************************************
Info: Running Quartus II Analysis & Synthesis
    Info: Version 7.0 Build 33 02/05/2007 SJ Full Version
    Info: Processing started: Wed Jul 03 14:07:08 2013
Info: Command: quartus_map --read_settings_files=on --write_settings_files=off ChrisLinn -c ChrisLinn
Warning: Ignored assignments for entity "ChrisLinn" -- entity does not exist in design
    Warning: Assignment of entity set_instance_assignment -name PARTITION_HIERARCHY no_file_for_top_partition -to | -section_id Top is ignored
    Warning: Assignment of entity set_global_assignment -name PARTITION_NETLIST_TYPE SOURCE -section_id Top is ignored
    Warning: Assignment of entity set_global_assignment -name PARTITION_IMPORT_ASSIGNMENTS ON -section_id Top is ignored
    Warning: Assignment of entity set_global_assignment -name PARTITION_IMPORT_EXISTING_ASSIGNMENTS REPLACE_CONFLICTING -section_id Top is ignored
    Warning: Assignment of entity set_global_assignment -name PARTITION_IMPORT_EXISTING_LOGICLOCK_REGIONS REPLACE_CONFLICTING -section_id Top is ignored
    Warning: Assignment of entity set_global_assignment -name PARTITION_IMPORT_PIN_ASSIGNMENTS ON -section_id Top is ignored
    Warning: Assignment of entity set_global_assignment -name PARTITION_IMPORT_PROMOTE_ASSIGNMENTS ON -section_id Top is ignored
    Warning: Assignment of entity set_global_assignment -name PARTITION_TYPE STANDARD_PARTITION -section_id Top is ignored
Info: Found 1 design units, including 1 entities, in source file AngryPuppy.v
    Info: Found entity 1: AngryPuppy
Info: Found 1 design units, including 1 entities, in source file BugKiller.v
    Info: Found entity 1: BugKiller
Info: Found 1 design units, including 1 entities, in source file Gen.v
    Info: Found entity 1: Gen
Info: Found 1 design units, including 1 entities, in source file ChrisLinn.bdf
    Info: Found entity 1: ChrisLinn
Info: Elaborating entity "ChrisLinn" for the top level hierarchy
Info: Elaborating entity "Gen" for hierarchy "Gen:inst"
Warning (10230): Verilog HDL assignment warning at Gen.v(16): truncated value with size 32 to match size of target (21)
Info: Elaborating entity "AngryPuppy" for hierarchy "AngryPuppy:inst2"
Info: Elaborating entity "BugKiller" for hierarchy "BugKiller:inst13"
Warning (10230): Verilog HDL assignment warning at BugKiller.v(15): truncated value with size 32 to match size of target (20)
Info: State machine "|ChrisLinn|BugKiller:inst21|sta" contains 6 states
Info: State machine "|ChrisLinn|BugKiller:inst20|sta" contains 6 states
Info: State machine "|ChrisLinn|BugKiller:inst19|sta" contains 6 states
Info: State machine "|ChrisLinn|BugKiller:inst18|sta" contains 6 states
Info: State machine "|ChrisLinn|BugKiller:inst17|sta" contains 6 states
Info: State machine "|ChrisLinn|BugKiller:inst16|sta" contains 6 states
Info: State machine "|ChrisLinn|BugKiller:inst15|sta" contains 6 states
Info: State machine "|ChrisLinn|BugKiller:inst14|sta" contains 6 states
Info: State machine "|ChrisLinn|BugKiller:inst13|sta" contains 6 states
Info: Selected Auto state machine encoding method for state machine "|ChrisLinn|BugKiller:inst21|sta"
Info: Encoding result for state machine "|ChrisLinn|BugKiller:inst21|sta"
    Info: Completed encoding using 6 state bits
        Info: Encoded state bit "BugKiller:inst21|sta.101"
        Info: Encoded state bit "BugKiller:inst21|sta.001"
        Info: Encoded state bit "BugKiller:inst21|sta.010"
        Info: Encoded state bit "BugKiller:inst21|sta.011"
        Info: Encoded state bit "BugKiller:inst21|sta.100"
        Info: Encoded state bit "BugKiller:inst21|sta.000"
    Info: State "|ChrisLinn|BugKiller:inst21|sta.000" uses code string "000000"
    Info: State "|ChrisLinn|BugKiller:inst21|sta.100" uses code string "000011"
    Info: State "|ChrisLinn|BugKiller:inst21|sta.011" uses code string "000101"
    Info: State "|ChrisLinn|BugKiller:inst21|sta.010" uses code string "001001"
    Info: State "|ChrisLinn|BugKiller:inst21|sta.001" uses code string "010001"
    Info: State "|ChrisLinn|BugKiller:inst21|sta.101" uses code string "100001"
Info: Selected Auto state machine encoding method for state machine "|ChrisLinn|BugKiller:inst20|sta"
Info: Encoding result for state machine "|ChrisLinn|BugKiller:inst20|sta"
    Info: Completed encoding using 6 state bits
        Info: Encoded state bit "BugKiller:inst20|sta.101"
        Info: Encoded state bit "BugKiller:inst20|sta.001"
        Info: Encoded state bit "BugKiller:inst20|sta.010"
        Info: Encoded state bit "BugKiller:inst20|sta.011"
        Info: Encoded state bit "BugKiller:inst20|sta.100"
        Info: Encoded state bit "BugKiller:inst20|sta.000"
    Info: State "|ChrisLinn|BugKiller:inst20|sta.000" uses code string "000000"
    Info: State "|ChrisLinn|BugKiller:inst20|sta.100" uses code string "000011"
    Info: State "|ChrisLinn|BugKiller:inst20|sta.011" uses code string "000101"
    Info: State "|ChrisLinn|BugKiller:inst20|sta.010" uses code string "001001"
    Info: State "|ChrisLinn|BugKiller:inst20|sta.001" uses code string "010001"
    Info: State "|ChrisLinn|BugKiller:inst20|sta.101" uses code string "100001"
Info: Selected Auto state machine encoding method for state machine "|ChrisLinn|BugKiller:inst19|sta"
Info: Encoding result for state machine "|ChrisLinn|BugKiller:inst19|sta"
    Info: Completed encoding using 6 state bits
        Info: Encoded state bit "BugKiller:inst19|sta.101"
        Info: Encoded state bit "BugKiller:inst19|sta.001"
        Info: Encoded state bit "BugKiller:inst19|sta.010"
        Info: Encoded state bit "BugKiller:inst19|sta.011"
        Info: Encoded state bit "BugKiller:inst19|sta.100"
        Info: Encoded state bit "BugKiller:inst19|sta.000"
    Info: State "|ChrisLinn|BugKiller:inst19|sta.000" uses code string "000000"
    Info: State "|ChrisLinn|BugKiller:inst19|sta.100" uses code string "000011"
    Info: State "|ChrisLinn|BugKiller:inst19|sta.011" uses code string "000101"
    Info: State "|ChrisLinn|BugKiller:inst19|sta.010" uses code string "001001"
    Info: State "|ChrisLinn|BugKiller:inst19|sta.001" uses code string "010001"
    Info: State "|ChrisLinn|BugKiller:inst19|sta.101" uses code string "100001"
Info: Selected Auto state machine encoding method for state machine "|ChrisLinn|BugKiller:inst18|sta"
Info: Encoding result for state machine "|ChrisLinn|BugKiller:inst18|sta"
    Info: Completed encoding using 6 state bits
        Info: Encoded state bit "BugKiller:inst18|sta.101"
        Info: Encoded state bit "BugKiller:inst18|sta.001"
        Info: Encoded state bit "BugKiller:inst18|sta.010"
        Info: Encoded state bit "BugKiller:inst18|sta.011"
        Info: Encoded state bit "BugKiller:inst18|sta.100"
        Info: Encoded state bit "BugKiller:inst18|sta.000"
    Info: State "|ChrisLinn|BugKiller:inst18|sta.000" uses code string "000000"
    Info: State "|ChrisLinn|BugKiller:inst18|sta.100" uses code string "000011"
    Info: State "|ChrisLinn|BugKiller:inst18|sta.011" uses code string "000101"
    Info: State "|ChrisLinn|BugKiller:inst18|sta.010" uses code string "001001"
    Info: State "|ChrisLinn|BugKiller:inst18|sta.001" uses code string "010001"
    Info: State "|ChrisLinn|BugKiller:inst18|sta.101" uses code string "100001"
Info: Selected Auto state machine encoding method for state machine "|ChrisLinn|BugKiller:inst17|sta"
Info: Encoding result for state machine "|ChrisLinn|BugKiller:inst17|sta"
    Info: Completed encoding using 6 state bits
        Info: Encoded state bit "BugKiller:inst17|sta.101"
        Info: Encoded state bit "BugKiller:inst17|sta.001"
        Info: Encoded state bit "BugKiller:inst17|sta.010"
        Info: Encoded state bit "BugKiller:inst17|sta.011"
        Info: Encoded state bit "BugKiller:inst17|sta.100"
        Info: Encoded state bit "BugKiller:inst17|sta.000"
    Info: State "|ChrisLinn|BugKiller:inst17|sta.000" uses code string "000000"
    Info: State "|ChrisLinn|BugKiller:inst17|sta.100" uses code string "000011"
    Info: State "|ChrisLinn|BugKiller:inst17|sta.011" uses code string "000101"
    Info: State "|ChrisLinn|BugKiller:inst17|sta.010" uses code string "001001"
    Info: State "|ChrisLinn|BugKiller:inst17|sta.001" uses code string "010001"
    Info: State "|ChrisLinn|BugKiller:inst17|sta.101" uses code string "100001"
Info: Selected Auto state machine encoding method for state machine "|ChrisLinn|BugKiller:inst16|sta"
Info: Encoding result for state machine "|ChrisLinn|BugKiller:inst16|sta"
    Info: Completed encoding using 6 state bits
        Info: Encoded state bit "BugKiller:inst16|sta.101"
        Info: Encoded state bit "BugKiller:inst16|sta.001"
        Info: Encoded state bit "BugKiller:inst16|sta.010"
        Info: Encoded state bit "BugKiller:inst16|sta.011"
        Info: Encoded state bit "BugKiller:inst16|sta.100"
        Info: Encoded state bit "BugKiller:inst16|sta.000"
    Info: State "|ChrisLinn|BugKiller:inst16|sta.000" uses code string "000000"
    Info: State "|ChrisLinn|BugKiller:inst16|sta.100" uses code string "000011"
    Info: State "|ChrisLinn|BugKiller:inst16|sta.011" uses code string "000101"
    Info: State "|ChrisLinn|BugKiller:inst16|sta.010" uses code string "001001"
    Info: State "|ChrisLinn|BugKiller:inst16|sta.001" uses code string "010001"
    Info: State "|ChrisLinn|BugKiller:inst16|sta.101" uses code string "100001"
Info: Selected Auto state machine encoding method for state machine "|ChrisLinn|BugKiller:inst15|sta"
Info: Encoding result for state machine "|ChrisLinn|BugKiller:inst15|sta"
    Info: Completed encoding using 6 state bits
        Info: Encoded state bit "BugKiller:inst15|sta.101"
        Info: Encoded state bit "BugKiller:inst15|sta.001"
        Info: Encoded state bit "BugKiller:inst15|sta.010"
        Info: Encoded state bit "BugKiller:inst15|sta.011"
        Info: Encoded state bit "BugKiller:inst15|sta.100"
        Info: Encoded state bit "BugKiller:inst15|sta.000"
    Info: State "|ChrisLinn|BugKiller:inst15|sta.000" uses code string "000000"
    Info: State "|ChrisLinn|BugKiller:inst15|sta.100" uses code string "000011"
    Info: State "|ChrisLinn|BugKiller:inst15|sta.011" uses code string "000101"
    Info: State "|ChrisLinn|BugKiller:inst15|sta.010" uses code string "001001"
    Info: State "|ChrisLinn|BugKiller:inst15|sta.001" uses code string "010001"
    Info: State "|ChrisLinn|BugKiller:inst15|sta.101" uses code string "100001"
Info: Selected Auto state machine encoding method for state machine "|ChrisLinn|BugKiller:inst14|sta"
Info: Encoding result for state machine "|ChrisLinn|BugKiller:inst14|sta"
    Info: Completed encoding using 6 state bits
        Info: Encoded state bit "BugKiller:inst14|sta.101"
        Info: Encoded state bit "BugKiller:inst14|sta.001"
        Info: Encoded state bit "BugKiller:inst14|sta.010"
        Info: Encoded state bit "BugKiller:inst14|sta.011"
        Info: Encoded state bit "BugKiller:inst14|sta.100"
        Info: Encoded state bit "BugKiller:inst14|sta.000"
    Info: State "|ChrisLinn|BugKiller:inst14|sta.000" uses code string "000000"
    Info: State "|ChrisLinn|BugKiller:inst14|sta.100" uses code string "000011"
    Info: State "|ChrisLinn|BugKiller:inst14|sta.011" uses code string "000101"
    Info: State "|ChrisLinn|BugKiller:inst14|sta.010" uses code string "001001"
    Info: State "|ChrisLinn|BugKiller:inst14|sta.001" uses code string "010001"
    Info: State "|ChrisLinn|BugKiller:inst14|sta.101" uses code string "100001"
Info: Selected Auto state machine encoding method for state machine "|ChrisLinn|BugKiller:inst13|sta"
Info: Encoding result for state machine "|ChrisLinn|BugKiller:inst13|sta"
    Info: Completed encoding using 6 state bits
        Info: Encoded state bit "BugKiller:inst13|sta.101"
        Info: Encoded state bit "BugKiller:inst13|sta.001"
        Info: Encoded state bit "BugKiller:inst13|sta.010"
        Info: Encoded state bit "BugKiller:inst13|sta.011"
        Info: Encoded state bit "BugKiller:inst13|sta.100"
        Info: Encoded state bit "BugKiller:inst13|sta.000"
    Info: State "|ChrisLinn|BugKiller:inst13|sta.000" uses code string "000000"
    Info: State "|ChrisLinn|BugKiller:inst13|sta.100" uses code string "000011"
    Info: State "|ChrisLinn|BugKiller:inst13|sta.011" uses code string "000101"
    Info: State "|ChrisLinn|BugKiller:inst13|sta.010" uses code string "001001"
    Info: State "|ChrisLinn|BugKiller:inst13|sta.001" uses code string "010001"
    Info: State "|ChrisLinn|BugKiller:inst13|sta.101" uses code string "100001"
Info: 45 registers lost all their fanouts during netlist optimizations. The first 45 are displayed below.
    Info: Register "inst21/sta.010" lost all its fanouts during netlist optimizations.
    Info: Register "inst21/sta.101" lost all its fanouts during netlist optimizations.
    Info: Register "inst20/sta.010" lost all its fanouts during netlist optimizations.
    Info: Register "inst20/sta.101" lost all its fanouts during netlist optimizations.
    Info: Register "inst19/sta.010" lost all its fanouts during netlist optimizations.
    Info: Register "inst19/sta.101" lost all its fanouts during netlist optimizations.
    Info: Register "inst18/sta.010" lost all its fanouts during netlist optimizations.
    Info: Register "inst18/sta.101" lost all its fanouts during netlist optimizations.
    Info: Register "inst17/sta.010" lost all its fanouts during netlist optimizations.
    Info: Register "inst17/sta.101" lost all its fanouts during netlist optimizations.
    Info: Register "inst16/sta.010" lost all its fanouts during netlist optimizations.
    Info: Register "inst16/sta.101" lost all its fanouts during netlist optimizations.
    Info: Register "inst15/sta.010" lost all its fanouts during netlist optimizations.
    Info: Register "inst15/sta.101" lost all its fanouts during netlist optimizations.
    Info: Register "inst14/sta.010" lost all its fanouts during netlist optimizations.
    Info: Register "inst14/sta.101" lost all its fanouts during netlist optimizations.
    Info: Register "inst13/sta.010" lost all its fanouts during netlist optimizations.
    Info: Register "inst13/sta.101" lost all its fanouts during netlist optimizations.
    Info: Register "inst21/sta~9" lost all its fanouts during netlist optimizations.
    Info: Register "inst21/sta~10" lost all its fanouts during netlist optimizations.
    Info: Register "inst21/sta~11" lost all its fanouts during netlist optimizations.
    Info: Register "inst20/sta~9" lost all its fanouts during netlist optimizations.
    Info: Register "inst20/sta~10" lost all its fanouts during netlist optimizations.
    Info: Register "inst20/sta~11" lost all its fanouts during netlist optimizations.
    Info: Register "inst19/sta~9" lost all its fanouts during netlist optimizations.
    Info: Register "inst19/sta~10" lost all its fanouts during netlist optimizations.
    Info: Register "inst19/sta~11" lost all its fanouts during netlist optimizations.
    Info: Register "inst18/sta~9" lost all its fanouts during netlist optimizations.
    Info: Register "inst18/sta~10" lost all its fanouts during netlist optimizations.
    Info: Register "inst18/sta~11" lost all its fanouts during netlist optimizations.
    Info: Register "inst17/sta~9" lost all its fanouts during netlist optimizations.
    Info: Register "inst17/sta~10" lost all its fanouts during netlist optimizations.
    Info: Register "inst17/sta~11" lost all its fanouts during netlist optimizations.
    Info: Register "inst16/sta~9" lost all its fanouts during netlist optimizations.
    Info: Register "inst16/sta~10" lost all its fanouts during netlist optimizations.
    Info: Register "inst16/sta~11" lost all its fanouts during netlist optimizations.
    Info: Register "inst15/sta~9" lost all its fanouts during netlist optimizations.
    Info: Register "inst15/sta~10" lost all its fanouts during netlist optimizations.
    Info: Register "inst15/sta~11" lost all its fanouts during netlist optimizations.
    Info: Register "inst14/sta~9" lost all its fanouts during netlist optimizations.
    Info: Register "inst14/sta~10" lost all its fanouts during netlist optimizations.
    Info: Register "inst14/sta~11" lost all its fanouts during netlist optimizations.
    Info: Register "inst13/sta~9" lost all its fanouts during netlist optimizations.
    Info: Register "inst13/sta~10" lost all its fanouts during netlist optimizations.
    Info: Register "inst13/sta~11" lost all its fanouts during netlist optimizations.
Info: Implemented 848 device resources after synthesis - the final resource count might be different
    Info: Implemented 10 input pins
    Info: Implemented 7 output pins
    Info: Implemented 831 logic cells
Info: Quartus II Analysis & Synthesis was successful. 0 errors, 11 warnings
    Info: Allocated 128 megabytes of memory during processing
    Info: Processing ended: Wed Jul 03 14:08:15 2013
    Info: Elapsed time: 00:01:07


