This is pdfTeX, Version 3.14159265-2.6-1.40.16 (TeX Live 2015/Debian) (preloaded format=pdflatex 2016.8.17)  20 AUG 2016 09:43
entering extended mode
 restricted \write18 enabled.
 %&-line parsing enabled.
**comp90007_final_semester.tex
(./comp90007_final_semester.tex
LaTeX2e <2016/02/01>
Babel <3.9q> and hyphenation patterns for 81 language(s) loaded.
(/usr/share/texlive/texmf-dist/tex/latex/base/article.cls
Document Class: article 2014/09/29 v1.4h Standard LaTeX document class
(/usr/share/texlive/texmf-dist/tex/latex/base/size10.clo
File: size10.clo 2014/09/29 v1.4h Standard LaTeX file (size option)
)
\c@part=\count79
\c@section=\count80
\c@subsection=\count81
\c@subsubsection=\count82
\c@paragraph=\count83
\c@subparagraph=\count84
\c@figure=\count85
\c@table=\count86
\abovecaptionskip=\skip41
\belowcaptionskip=\skip42
\bibindent=\dimen102
)
(/usr/share/texlive/texmf-dist/tex/latex/base/inputenc.sty
Package: inputenc 2015/03/17 v1.2c Input encoding file
\inpenc@prehook=\toks14
\inpenc@posthook=\toks15

(/usr/share/texlive/texmf-dist/tex/latex/base/utf8.def
File: utf8.def 2015/12/03 v1.1r UTF-8 support for inputenc
Now handling font encoding OML ...
... no UTF-8 mapping file for font encoding OML
Now handling font encoding T1 ...
... processing UTF-8 mapping file for font encoding T1

(/usr/share/texlive/texmf-dist/tex/latex/base/t1enc.dfu
File: t1enc.dfu 2015/12/03 v1.1r UTF-8 support for inputenc
   defining Unicode char U+00A0 (decimal 160)
   defining Unicode char U+00A1 (decimal 161)
   defining Unicode char U+00A3 (decimal 163)
   defining Unicode char U+00AB (decimal 171)
   defining Unicode char U+00AD (decimal 173)
   defining Unicode char U+00BB (decimal 187)
   defining Unicode char U+00BF (decimal 191)
   defining Unicode char U+00C0 (decimal 192)
   defining Unicode char U+00C1 (decimal 193)
   defining Unicode char U+00C2 (decimal 194)
   defining Unicode char U+00C3 (decimal 195)
   defining Unicode char U+00C4 (decimal 196)
   defining Unicode char U+00C5 (decimal 197)
   defining Unicode char U+00C6 (decimal 198)
   defining Unicode char U+00C7 (decimal 199)
   defining Unicode char U+00C8 (decimal 200)
   defining Unicode char U+00C9 (decimal 201)
   defining Unicode char U+00CA (decimal 202)
   defining Unicode char U+00CB (decimal 203)
   defining Unicode char U+00CC (decimal 204)
   defining Unicode char U+00CD (decimal 205)
   defining Unicode char U+00CE (decimal 206)
   defining Unicode char U+00CF (decimal 207)
   defining Unicode char U+00D0 (decimal 208)
   defining Unicode char U+00D1 (decimal 209)
   defining Unicode char U+00D2 (decimal 210)
   defining Unicode char U+00D3 (decimal 211)
   defining Unicode char U+00D4 (decimal 212)
   defining Unicode char U+00D5 (decimal 213)
   defining Unicode char U+00D6 (decimal 214)
   defining Unicode char U+00D8 (decimal 216)
   defining Unicode char U+00D9 (decimal 217)
   defining Unicode char U+00DA (decimal 218)
   defining Unicode char U+00DB (decimal 219)
   defining Unicode char U+00DC (decimal 220)
   defining Unicode char U+00DD (decimal 221)
   defining Unicode char U+00DE (decimal 222)
   defining Unicode char U+00DF (decimal 223)
   defining Unicode char U+00E0 (decimal 224)
   defining Unicode char U+00E1 (decimal 225)
   defining Unicode char U+00E2 (decimal 226)
   defining Unicode char U+00E3 (decimal 227)
   defining Unicode char U+00E4 (decimal 228)
   defining Unicode char U+00E5 (decimal 229)
   defining Unicode char U+00E6 (decimal 230)
   defining Unicode char U+00E7 (decimal 231)
   defining Unicode char U+00E8 (decimal 232)
   defining Unicode char U+00E9 (decimal 233)
   defining Unicode char U+00EA (decimal 234)
   defining Unicode char U+00EB (decimal 235)
   defining Unicode char U+00EC (decimal 236)
   defining Unicode char U+00ED (decimal 237)
   defining Unicode char U+00EE (decimal 238)
   defining Unicode char U+00EF (decimal 239)
   defining Unicode char U+00F0 (decimal 240)
   defining Unicode char U+00F1 (decimal 241)
   defining Unicode char U+00F2 (decimal 242)
   defining Unicode char U+00F3 (decimal 243)
   defining Unicode char U+00F4 (decimal 244)
   defining Unicode char U+00F5 (decimal 245)
   defining Unicode char U+00F6 (decimal 246)
   defining Unicode char U+00F8 (decimal 248)
   defining Unicode char U+00F9 (decimal 249)
   defining Unicode char U+00FA (decimal 250)
   defining Unicode char U+00FB (decimal 251)
   defining Unicode char U+00FC (decimal 252)
   defining Unicode char U+00FD (decimal 253)
   defining Unicode char U+00FE (decimal 254)
   defining Unicode char U+00FF (decimal 255)
   defining Unicode char U+0100 (decimal 256)
   defining Unicode char U+0101 (decimal 257)
   defining Unicode char U+0102 (decimal 258)
   defining Unicode char U+0103 (decimal 259)
   defining Unicode char U+0104 (decimal 260)
   defining Unicode char U+0105 (decimal 261)
   defining Unicode char U+0106 (decimal 262)
   defining Unicode char U+0107 (decimal 263)
   defining Unicode char U+0108 (decimal 264)
   defining Unicode char U+0109 (decimal 265)
   defining Unicode char U+010A (decimal 266)
   defining Unicode char U+010B (decimal 267)
   defining Unicode char U+010C (decimal 268)
   defining Unicode char U+010D (decimal 269)
   defining Unicode char U+010E (decimal 270)
   defining Unicode char U+010F (decimal 271)
   defining Unicode char U+0110 (decimal 272)
   defining Unicode char U+0111 (decimal 273)
   defining Unicode char U+0112 (decimal 274)
   defining Unicode char U+0113 (decimal 275)
   defining Unicode char U+0114 (decimal 276)
   defining Unicode char U+0115 (decimal 277)
   defining Unicode char U+0116 (decimal 278)
   defining Unicode char U+0117 (decimal 279)
   defining Unicode char U+0118 (decimal 280)
   defining Unicode char U+0119 (decimal 281)
   defining Unicode char U+011A (decimal 282)
   defining Unicode char U+011B (decimal 283)
   defining Unicode char U+011C (decimal 284)
   defining Unicode char U+011D (decimal 285)
   defining Unicode char U+011E (decimal 286)
   defining Unicode char U+011F (decimal 287)
   defining Unicode char U+0120 (decimal 288)
   defining Unicode char U+0121 (decimal 289)
   defining Unicode char U+0122 (decimal 290)
   defining Unicode char U+0123 (decimal 291)
   defining Unicode char U+0124 (decimal 292)
   defining Unicode char U+0125 (decimal 293)
   defining Unicode char U+0128 (decimal 296)
   defining Unicode char U+0129 (decimal 297)
   defining Unicode char U+012A (decimal 298)
   defining Unicode char U+012B (decimal 299)
   defining Unicode char U+012C (decimal 300)
   defining Unicode char U+012D (decimal 301)
   defining Unicode char U+012E (decimal 302)
   defining Unicode char U+012F (decimal 303)
   defining Unicode char U+0130 (decimal 304)
   defining Unicode char U+0131 (decimal 305)
   defining Unicode char U+0132 (decimal 306)
   defining Unicode char U+0133 (decimal 307)
   defining Unicode char U+0134 (decimal 308)
   defining Unicode char U+0135 (decimal 309)
   defining Unicode char U+0136 (decimal 310)
   defining Unicode char U+0137 (decimal 311)
   defining Unicode char U+0139 (decimal 313)
   defining Unicode char U+013A (decimal 314)
   defining Unicode char U+013B (decimal 315)
   defining Unicode char U+013C (decimal 316)
   defining Unicode char U+013D (decimal 317)
   defining Unicode char U+013E (decimal 318)
   defining Unicode char U+0141 (decimal 321)
   defining Unicode char U+0142 (decimal 322)
   defining Unicode char U+0143 (decimal 323)
   defining Unicode char U+0144 (decimal 324)
   defining Unicode char U+0145 (decimal 325)
   defining Unicode char U+0146 (decimal 326)
   defining Unicode char U+0147 (decimal 327)
   defining Unicode char U+0148 (decimal 328)
   defining Unicode char U+014A (decimal 330)
   defining Unicode char U+014B (decimal 331)
   defining Unicode char U+014C (decimal 332)
   defining Unicode char U+014D (decimal 333)
   defining Unicode char U+014E (decimal 334)
   defining Unicode char U+014F (decimal 335)
   defining Unicode char U+0150 (decimal 336)
   defining Unicode char U+0151 (decimal 337)
   defining Unicode char U+0152 (decimal 338)
   defining Unicode char U+0153 (decimal 339)
   defining Unicode char U+0154 (decimal 340)
   defining Unicode char U+0155 (decimal 341)
   defining Unicode char U+0156 (decimal 342)
   defining Unicode char U+0157 (decimal 343)
   defining Unicode char U+0158 (decimal 344)
   defining Unicode char U+0159 (decimal 345)
   defining Unicode char U+015A (decimal 346)
   defining Unicode char U+015B (decimal 347)
   defining Unicode char U+015C (decimal 348)
   defining Unicode char U+015D (decimal 349)
   defining Unicode char U+015E (decimal 350)
   defining Unicode char U+015F (decimal 351)
   defining Unicode char U+0160 (decimal 352)
   defining Unicode char U+0161 (decimal 353)
   defining Unicode char U+0162 (decimal 354)
   defining Unicode char U+0163 (decimal 355)
   defining Unicode char U+0164 (decimal 356)
   defining Unicode char U+0165 (decimal 357)
   defining Unicode char U+0168 (decimal 360)
   defining Unicode char U+0169 (decimal 361)
   defining Unicode char U+016A (decimal 362)
   defining Unicode char U+016B (decimal 363)
   defining Unicode char U+016C (decimal 364)
   defining Unicode char U+016D (decimal 365)
   defining Unicode char U+016E (decimal 366)
   defining Unicode char U+016F (decimal 367)
   defining Unicode char U+0170 (decimal 368)
   defining Unicode char U+0171 (decimal 369)
   defining Unicode char U+0172 (decimal 370)
   defining Unicode char U+0173 (decimal 371)
   defining Unicode char U+0174 (decimal 372)
   defining Unicode char U+0175 (decimal 373)
   defining Unicode char U+0176 (decimal 374)
   defining Unicode char U+0177 (decimal 375)
   defining Unicode char U+0178 (decimal 376)
   defining Unicode char U+0179 (decimal 377)
   defining Unicode char U+017A (decimal 378)
   defining Unicode char U+017B (decimal 379)
   defining Unicode char U+017C (decimal 380)
   defining Unicode char U+017D (decimal 381)
   defining Unicode char U+017E (decimal 382)
   defining Unicode char U+01CD (decimal 461)
   defining Unicode char U+01CE (decimal 462)
   defining Unicode char U+01CF (decimal 463)
   defining Unicode char U+01D0 (decimal 464)
   defining Unicode char U+01D1 (decimal 465)
   defining Unicode char U+01D2 (decimal 466)
   defining Unicode char U+01D3 (decimal 467)
   defining Unicode char U+01D4 (decimal 468)
   defining Unicode char U+01E2 (decimal 482)
   defining Unicode char U+01E3 (decimal 483)
   defining Unicode char U+01E6 (decimal 486)
   defining Unicode char U+01E7 (decimal 487)
   defining Unicode char U+01E8 (decimal 488)
   defining Unicode char U+01E9 (decimal 489)
   defining Unicode char U+01EA (decimal 490)
   defining Unicode char U+01EB (decimal 491)
   defining Unicode char U+01F0 (decimal 496)
   defining Unicode char U+01F4 (decimal 500)
   defining Unicode char U+01F5 (decimal 501)
   defining Unicode char U+0218 (decimal 536)
   defining Unicode char U+0219 (decimal 537)
   defining Unicode char U+021A (decimal 538)
   defining Unicode char U+021B (decimal 539)
   defining Unicode char U+01E02 (decimal 7682)
   defining Unicode char U+01E03 (decimal 7683)
   defining Unicode char U+200C (decimal 8204)
   defining Unicode char U+2013 (decimal 8211)
   defining Unicode char U+2014 (decimal 8212)
   defining Unicode char U+2018 (decimal 8216)
   defining Unicode char U+2019 (decimal 8217)
   defining Unicode char U+201A (decimal 8218)
   defining Unicode char U+201C (decimal 8220)
   defining Unicode char U+201D (decimal 8221)
   defining Unicode char U+201E (decimal 8222)
   defining Unicode char U+2030 (decimal 8240)
   defining Unicode char U+2031 (decimal 8241)
   defining Unicode char U+2039 (decimal 8249)
   defining Unicode char U+203A (decimal 8250)
   defining Unicode char U+2423 (decimal 9251)
)
Now handling font encoding OT1 ...
... processing UTF-8 mapping file for font encoding OT1

(/usr/share/texlive/texmf-dist/tex/latex/base/ot1enc.dfu
File: ot1enc.dfu 2015/12/03 v1.1r UTF-8 support for inputenc
   defining Unicode char U+00A0 (decimal 160)
   defining Unicode char U+00A1 (decimal 161)
   defining Unicode char U+00A3 (decimal 163)
   defining Unicode char U+00AD (decimal 173)
   defining Unicode char U+00B8 (decimal 184)
   defining Unicode char U+00BF (decimal 191)
   defining Unicode char U+00C5 (decimal 197)
   defining Unicode char U+00C6 (decimal 198)
   defining Unicode char U+00D8 (decimal 216)
   defining Unicode char U+00DF (decimal 223)
   defining Unicode char U+00E6 (decimal 230)
   defining Unicode char U+00EC (decimal 236)
   defining Unicode char U+00ED (decimal 237)
   defining Unicode char U+00EE (decimal 238)
   defining Unicode char U+00EF (decimal 239)
   defining Unicode char U+00F8 (decimal 248)
   defining Unicode char U+0131 (decimal 305)
   defining Unicode char U+0141 (decimal 321)
   defining Unicode char U+0142 (decimal 322)
   defining Unicode char U+0152 (decimal 338)
   defining Unicode char U+0153 (decimal 339)
   defining Unicode char U+0174 (decimal 372)
   defining Unicode char U+0175 (decimal 373)
   defining Unicode char U+0176 (decimal 374)
   defining Unicode char U+0177 (decimal 375)
   defining Unicode char U+0218 (decimal 536)
   defining Unicode char U+0219 (decimal 537)
   defining Unicode char U+021A (decimal 538)
   defining Unicode char U+021B (decimal 539)
   defining Unicode char U+2013 (decimal 8211)
   defining Unicode char U+2014 (decimal 8212)
   defining Unicode char U+2018 (decimal 8216)
   defining Unicode char U+2019 (decimal 8217)
   defining Unicode char U+201C (decimal 8220)
   defining Unicode char U+201D (decimal 8221)
)
Now handling font encoding OMS ...
... processing UTF-8 mapping file for font encoding OMS

(/usr/share/texlive/texmf-dist/tex/latex/base/omsenc.dfu
File: omsenc.dfu 2015/12/03 v1.1r UTF-8 support for inputenc
   defining Unicode char U+00A7 (decimal 167)
   defining Unicode char U+00B6 (decimal 182)
   defining Unicode char U+00B7 (decimal 183)
   defining Unicode char U+2020 (decimal 8224)
   defining Unicode char U+2021 (decimal 8225)
   defining Unicode char U+2022 (decimal 8226)
)
Now handling font encoding OMX ...
... no UTF-8 mapping file for font encoding OMX
Now handling font encoding U ...
... no UTF-8 mapping file for font encoding U
   defining Unicode char U+00A9 (decimal 169)
   defining Unicode char U+00AA (decimal 170)
   defining Unicode char U+00AE (decimal 174)
   defining Unicode char U+00BA (decimal 186)
   defining Unicode char U+02C6 (decimal 710)
   defining Unicode char U+02DC (decimal 732)
   defining Unicode char U+200C (decimal 8204)
   defining Unicode char U+2026 (decimal 8230)
   defining Unicode char U+2122 (decimal 8482)
   defining Unicode char U+2423 (decimal 9251)
))
(/usr/share/texlive/texmf-dist/tex/generic/babel/babel.sty
Package: babel 2016/02/24 3.9q The Babel package

(/usr/share/texlive/texmf-dist/tex/generic/babel-english/english.ldf
Language: english 2012/08/20 v3.3p English support from the babel system

(/usr/share/texlive/texmf-dist/tex/generic/babel/babel.def
File: babel.def 2016/02/24 3.9q Babel common definitions
\babel@savecnt=\count87
\U@D=\dimen103
)
\l@canadian = a dialect from \language\l@american 
\l@australian = a dialect from \language\l@british 
\l@newzealand = a dialect from \language\l@british 
))
(/usr/share/texlive/texmf-dist/tex/latex/amsmath/amsmath.sty
Package: amsmath 2016/03/03 v2.15a AMS math features
\@mathmargin=\skip43

For additional information on amsmath, use the `?' option.
(/usr/share/texlive/texmf-dist/tex/latex/amsmath/amstext.sty
Package: amstext 2000/06/29 v2.01 AMS text

(/usr/share/texlive/texmf-dist/tex/latex/amsmath/amsgen.sty
File: amsgen.sty 1999/11/30 v2.0 generic functions
\@emptytoks=\toks16
\ex@=\dimen104
))
(/usr/share/texlive/texmf-dist/tex/latex/amsmath/amsbsy.sty
Package: amsbsy 1999/11/29 v1.2d Bold Symbols
\pmbraise@=\dimen105
)
(/usr/share/texlive/texmf-dist/tex/latex/amsmath/amsopn.sty
Package: amsopn 1999/12/14 v2.01 operator names
)
\inf@bad=\count88
LaTeX Info: Redefining \frac on input line 199.
\uproot@=\count89
\leftroot@=\count90
LaTeX Info: Redefining \overline on input line 297.
\classnum@=\count91
\DOTSCASE@=\count92
LaTeX Info: Redefining \ldots on input line 394.
LaTeX Info: Redefining \dots on input line 397.
LaTeX Info: Redefining \cdots on input line 518.
\Mathstrutbox@=\box26
\strutbox@=\box27
\big@size=\dimen106
LaTeX Font Info:    Redeclaring font encoding OML on input line 630.
LaTeX Font Info:    Redeclaring font encoding OMS on input line 631.
\macc@depth=\count93
\c@MaxMatrixCols=\count94
\dotsspace@=\muskip10
\c@parentequation=\count95
\dspbrk@lvl=\count96
\tag@help=\toks17
\row@=\count97
\column@=\count98
\maxfields@=\count99
\andhelp@=\toks18
\eqnshift@=\dimen107
\alignsep@=\dimen108
\tagshift@=\dimen109
\tagwidth@=\dimen110
\totwidth@=\dimen111
\lineht@=\dimen112
\@envbody=\toks19
\multlinegap=\skip44
\multlinetaggap=\skip45
\mathdisplay@stack=\toks20
LaTeX Info: Redefining \[ on input line 2735.
LaTeX Info: Redefining \] on input line 2736.
)
(/usr/share/texlive/texmf-dist/tex/latex/csquotes/csquotes.sty
Package: csquotes 2016/01/31 v5.1g context-sensitive quotations (JAW)

(/usr/share/texlive/texmf-dist/tex/latex/etoolbox/etoolbox.sty
Package: etoolbox 2015/08/02 v2.2a e-TeX tools for LaTeX (JAW)
\etb@tempcnta=\count100
)
(/usr/share/texlive/texmf-dist/tex/latex/graphics/keyval.sty
Package: keyval 2014/10/28 v1.15 key=value parser (DPC)
\KV@toks@=\toks21
)
\csq@reset=\count101
\csq@gtype=\count102
\csq@glevel=\count103
\csq@qlevel=\count104
\csq@maxlvl=\count105
\csq@tshold=\count106
\csq@ltx@everypar=\toks22

(/usr/share/texlive/texmf-dist/tex/latex/csquotes/csquotes.def
File: csquotes.def 2016/01/31 v5.1g csquotes generic definitions (JAW)
)
Package csquotes Info: Trying to load configuration file 'csquotes.cfg'...
Package csquotes Info: ... configuration file loaded successfully.

(/usr/share/texlive/texmf-dist/tex/latex/csquotes/csquotes.cfg
File: csquotes.cfg 
))
(/usr/share/texlive/texmf-dist/tex/latex/amsfonts/amssymb.sty
Package: amssymb 2013/01/14 v3.01 AMS font symbols

(/usr/share/texlive/texmf-dist/tex/latex/amsfonts/amsfonts.sty
Package: amsfonts 2013/01/14 v3.01 Basic AMSFonts support
\symAMSa=\mathgroup4
\symAMSb=\mathgroup5
LaTeX Font Info:    Overwriting math alphabet `\mathfrak' in version `bold'
(Font)                  U/euf/m/n --> U/euf/b/n on input line 106.
))
(/usr/share/texlive/texmf-dist/tex/latex/graphics/color.sty
Package: color 2016/01/03 v1.1b Standard LaTeX Color (DPC)

(/usr/share/texlive/texmf-dist/tex/latex/latexconfig/color.cfg
File: color.cfg 2007/01/18 v1.5 color configuration of teTeX/TeXLive
)
Package color Info: Driver file: pdftex.def on input line 143.

(/usr/share/texlive/texmf-dist/tex/latex/pdftex-def/pdftex.def
File: pdftex.def 2011/05/27 v0.06d Graphics/color for pdfTeX

(/usr/share/texlive/texmf-dist/tex/generic/oberdiek/infwarerr.sty
Package: infwarerr 2010/04/08 v1.3 Providing info/warning/error messages (HO)
)
(/usr/share/texlive/texmf-dist/tex/generic/oberdiek/ltxcmds.sty
Package: ltxcmds 2011/11/09 v1.22 LaTeX kernel commands for general use (HO)
)
\Gread@gobject=\count107
))
(/usr/share/texlive/texmf-dist/tex/latex/mathtools/mathtools.sty
Package: mathtools 2015/11/12 v1.18 mathematical typesetting tools

(/usr/share/texlive/texmf-dist/tex/latex/tools/calc.sty
Package: calc 2014/10/28 v4.3 Infix arithmetic (KKT,FJ)
\calc@Acount=\count108
\calc@Bcount=\count109
\calc@Adimen=\dimen113
\calc@Bdimen=\dimen114
\calc@Askip=\skip46
\calc@Bskip=\skip47
LaTeX Info: Redefining \setlength on input line 80.
LaTeX Info: Redefining \addtolength on input line 81.
\calc@Ccount=\count110
\calc@Cskip=\skip48
)
(/usr/share/texlive/texmf-dist/tex/latex/mathtools/mhsetup.sty
Package: mhsetup 2010/01/21 v1.2a programming setup (MH)
)
LaTeX Info: Thecontrolsequence`\('isalreadyrobust on input line 129.
LaTeX Info: Thecontrolsequence`\)'isalreadyrobust on input line 129.
LaTeX Info: Thecontrolsequence`\['isalreadyrobust on input line 129.
LaTeX Info: Thecontrolsequence`\]'isalreadyrobust on input line 129.
\g_MT_multlinerow_int=\count111
\l_MT_multwidth_dim=\dimen115
\origjot=\skip49
\l_MT_shortvdotswithinadjustabove_dim=\dimen116
\l_MT_shortvdotswithinadjustbelow_dim=\dimen117
\l_MT_above_intertext_sep=\dimen118
\l_MT_below_intertext_sep=\dimen119
\l_MT_above_shortintertext_sep=\dimen120
\l_MT_below_shortintertext_sep=\dimen121
)
(/usr/share/texlive/texmf-dist/tex/latex/datetime/datetime.sty
Package: datetime 2015/03/20 v2.60 Date Time Package

(/usr/share/texlive/texmf-dist/tex/latex/fmtcount/fmtcount.sty
Package: fmtcount 2015/05/05 v3.01

(/usr/share/texlive/texmf-dist/tex/latex/base/ifthen.sty
Package: ifthen 2014/09/29 v1.1c Standard LaTeX ifthen package (DPC)
)
(/usr/share/texlive/texmf-dist/tex/latex/xkeyval/xkeyval.sty
Package: xkeyval 2014/12/03 v2.7a package option processing (HA)

(/usr/share/texlive/texmf-dist/tex/generic/xkeyval/xkeyval.tex
(/usr/share/texlive/texmf-dist/tex/generic/xkeyval/xkvutils.tex
\XKV@toks=\toks23
\XKV@tempa@toks=\toks24
)
\XKV@depth=\count112
File: xkeyval.tex 2014/12/03 v2.7a key=value parser (HA)
))
(/usr/share/texlive/texmf-dist/tex/latex/fmtcount/fcprefix.sty
Package: fcprefix 2012/09/28

(/usr/share/texlive/texmf-dist/tex/latex/fmtcount/fcnumparser.sty
Package: fcnumparser 2012/09/28
\fc@digit@counter=\count113
))
(/usr/share/texlive/texmf-dist/tex/generic/ifxetex/ifxetex.sty
Package: ifxetex 2010/09/12 v0.6 Provides ifxetex conditional
)
\c@padzeroesN=\count114
\fc@tmpcatcode=\count115

(/usr/share/texlive/texmf-dist/tex/latex/fmtcount/fc-english.def
File: fc-english.def 2013/08/17
)
\@DT@modctr=\count116
\@ordinalctr=\count117
\@orgargctr=\count118
\@strctr=\count119
\@tmpstrctr=\count120
\@DT@loopN=\count121
\@DT@X=\count122
)
(/usr/share/texlive/texmf-dist/tex/latex/datetime/datetime-defaults.sty
Package: datetime-defaults 2013/09/10
)
\@day=\count123
\@month=\count124
\@year=\count125
\c@HOUR=\count126
\c@HOURXII=\count127
\c@MINUTE=\count128
\c@TOHOUR=\count129
\c@TOMINUTE=\count130
\c@SECOND=\count131
\currenthour=\count132
\currentminute=\count133
\currentsecond=\count134
Package datetime Info: No datetime.cfg file found, using default settings on in
put line 308.
\@dtctr=\count135
\dayofyear=\count136
\dayofweek=\count137
LaTeX Info: Redefining \today on input line 736.

(/usr/share/texlive/texmf-dist/tex/latex/datetime/dt-UKenglish.def
File: dt-UKenglish.def 2013/09/10
)
\dt@a=\toks25
\dt@b=\toks26
)
(/usr/share/texlive/texmf-dist/tex/latex/listings/listings.sty
\lst@mode=\count138
\lst@gtempboxa=\box28
\lst@token=\toks27
\lst@length=\count139
\lst@currlwidth=\dimen122
\lst@column=\count140
\lst@pos=\count141
\lst@lostspace=\dimen123
\lst@width=\dimen124
\lst@newlines=\count142
\lst@lineno=\count143
\lst@maxwidth=\dimen125

(/usr/share/texlive/texmf-dist/tex/latex/listings/lstmisc.sty
File: lstmisc.sty 2015/06/04 1.6 (Carsten Heinz)
\c@lstnumber=\count144
\lst@skipnumbers=\count145
\lst@framebox=\box29
)
(/usr/share/texlive/texmf-dist/tex/latex/listings/listings.cfg
File: listings.cfg 2015/06/04 1.6 listings configuration
))
Package: listings 2015/06/04 1.6 (Carsten Heinz)

(/usr/share/texlive/texmf-dist/tex/latex/tools/tabularx.sty
Package: tabularx 2014/10/28 v2.10 `tabularx' package (DPC)

(/usr/share/texlive/texmf-dist/tex/latex/tools/array.sty
Package: array 2014/10/28 v2.4c Tabular extension package (FMi)
\col@sep=\dimen126
\extrarowheight=\dimen127
\NC@list=\toks28
\extratabsurround=\skip50
\backup@length=\skip51
)
\TX@col@width=\dimen128
\TX@old@table=\dimen129
\TX@old@col=\dimen130
\TX@target=\dimen131
\TX@delta=\dimen132
\TX@cols=\count146
\TX@ftn=\toks29
)
(/usr/share/texlive/texmf-dist/tex/latex/enumitem/enumitem.sty
Package: enumitem 2011/09/28 v3.5.2 Customized lists
\labelindent=\skip52
\enit@outerparindent=\dimen133
\enit@toks=\toks30
\enit@inbox=\box30
\enitdp@description=\count147
)
Package csquotes Info: Checking for multilingual support...
Package csquotes Info: ... found 'babel' package.
Package csquotes Info: Adjusting default style.
Package csquotes Info: Redefining alias 'default' -> 'UKenglish'.

(./comp90007_final_semester.aux)
\openout1 = `comp90007_final_semester.aux'.

LaTeX Font Info:    Checking defaults for OML/cmm/m/it on input line 40.
LaTeX Font Info:    ... okay on input line 40.
LaTeX Font Info:    Checking defaults for T1/cmr/m/n on input line 40.
LaTeX Font Info:    ... okay on input line 40.
LaTeX Font Info:    Checking defaults for OT1/cmr/m/n on input line 40.
LaTeX Font Info:    ... okay on input line 40.
LaTeX Font Info:    Checking defaults for OMS/cmsy/m/n on input line 40.
LaTeX Font Info:    ... okay on input line 40.
LaTeX Font Info:    Checking defaults for OMX/cmex/m/n on input line 40.
LaTeX Font Info:    ... okay on input line 40.
LaTeX Font Info:    Checking defaults for U/cmr/m/n on input line 40.
LaTeX Font Info:    ... okay on input line 40.

(/usr/share/texlive/texmf-dist/tex/context/base/supp-pdf.mkii
[Loading MPS to PDF converter (version 2006.09.02).]
\scratchcounter=\count148
\scratchdimen=\dimen134
\scratchbox=\box31
\nofMPsegments=\count149
\nofMParguments=\count150
\everyMPshowfont=\toks31
\MPscratchCnt=\count151
\MPscratchDim=\dimen135
\MPnumerator=\count152
\makeMPintoPDFobject=\count153
\everyMPtoPDFconversion=\toks32
) (/usr/share/texlive/texmf-dist/tex/latex/graphics/graphicx.sty
Package: graphicx 2014/10/28 v1.0g Enhanced LaTeX Graphics (DPC,SPQR)

(/usr/share/texlive/texmf-dist/tex/latex/graphics/graphics.sty
Package: graphics 2016/01/03 v1.0q Standard LaTeX Graphics (DPC,SPQR)

(/usr/share/texlive/texmf-dist/tex/latex/graphics/trig.sty
Package: trig 2016/01/03 v1.10 sin cos tan (DPC)
)
(/usr/share/texlive/texmf-dist/tex/latex/latexconfig/graphics.cfg
File: graphics.cfg 2010/04/23 v1.9 graphics configuration of TeX Live
)
Package graphics Info: Driver file: pdftex.def on input line 95.
)
(/usr/share/texlive/texmf-dist/tex/generic/oberdiek/pdftexcmds.sty
Package: pdftexcmds 2011/11/29 v0.20 Utility functions of pdfTeX for LuaTeX (HO
)

(/usr/share/texlive/texmf-dist/tex/generic/oberdiek/ifluatex.sty
Package: ifluatex 2010/03/01 v1.3 Provides the ifluatex switch (HO)
Package ifluatex Info: LuaTeX not detected.
)
(/usr/share/texlive/texmf-dist/tex/generic/oberdiek/ifpdf.sty
Package: ifpdf 2011/01/30 v2.3 Provides the ifpdf switch (HO)
Package ifpdf Info: pdfTeX in PDF mode is detected.
)
Package pdftexcmds Info: LuaTeX not detected.
Package pdftexcmds Info: \pdf@primitive is available.
Package pdftexcmds Info: \pdf@ifprimitive is available.
Package pdftexcmds Info: \pdfdraftmode found.
)
(/usr/share/texlive/texmf-dist/tex/latex/oberdiek/epstopdf-base.sty
Package: epstopdf-base 2010/02/09 v2.5 Base part for package epstopdf

(/usr/share/texlive/texmf-dist/tex/latex/oberdiek/grfext.sty
Package: grfext 2010/08/19 v1.1 Manage graphics extensions (HO)

(/usr/share/texlive/texmf-dist/tex/generic/oberdiek/kvdefinekeys.sty
Package: kvdefinekeys 2011/04/07 v1.3 Define keys (HO)
))
(/usr/share/texlive/texmf-dist/tex/latex/oberdiek/kvoptions.sty
Package: kvoptions 2011/06/30 v3.11 Key value format for package options (HO)

(/usr/share/texlive/texmf-dist/tex/generic/oberdiek/kvsetkeys.sty
Package: kvsetkeys 2012/04/25 v1.16 Key value parser (HO)

(/usr/share/texlive/texmf-dist/tex/generic/oberdiek/etexcmds.sty
Package: etexcmds 2011/02/16 v1.5 Avoid name clashes with e-TeX commands (HO)
Package etexcmds Info: Could not find \expanded.
(etexcmds)             That can mean that you are not using pdfTeX 1.50 or
(etexcmds)             that some package has redefined \expanded.
(etexcmds)             In the latter case, load this package earlier.
)))
Package grfext Info: Graphics extension search list:
(grfext)             [.png,.pdf,.jpg,.mps,.jpeg,.jbig2,.jb2,.PNG,.PDF,.JPG,.JPE
G,.JBIG2,.JB2,.eps]
(grfext)             \AppendGraphicsExtensions on input line 452.

(/usr/share/texlive/texmf-dist/tex/latex/latexconfig/epstopdf-sys.cfg
File: epstopdf-sys.cfg 2010/07/13 v1.3 Configuration of (r)epstopdf for TeX Liv
e
))
\Gin@req@height=\dimen136
\Gin@req@width=\dimen137
)
\c@lstlisting=\count154
LaTeX Font Info:    Try loading font information for U+msa on input line 43.

(/usr/share/texlive/texmf-dist/tex/latex/amsfonts/umsa.fd
File: umsa.fd 2013/01/14 v3.01 AMS symbols A
)
LaTeX Font Info:    Try loading font information for U+msb on input line 43.

(/usr/share/texlive/texmf-dist/tex/latex/amsfonts/umsb.fd
File: umsb.fd 2013/01/14 v3.01 AMS symbols B
) [1

{/var/lib/texmf/fonts/map/pdftex/updmap/pdftex.map}]
Underfull \hbox (badness 10000) in paragraph at lines 65--72

 []


Underfull \hbox (badness 10000) in paragraph at lines 77--86

 []


Underfull \hbox (badness 10000) in paragraph at lines 77--86

 []


Overfull \hbox (4.19356pt too wide) in paragraph at lines 77--86
\OT1/cmr/m/n/10 Primitives in []Berke-ley socket[] in-ter-face: \OT1/cmtt/m/n/1
0 LISTEN\OT1/cmr/m/n/10 , \OT1/cmtt/m/n/10 CONNECT\OT1/cmr/m/n/10 , \OT1/cmtt/m
/n/10 ACCEPT\OT1/cmr/m/n/10 , \OT1/cmtt/m/n/10 RECEIVE\OT1/cmr/m/n/10 ,
 []


Underfull \hbox (badness 10000) in paragraph at lines 77--86

 []

[1]
LaTeX Font Info:    Try loading font information for OMS+cmr on input line 86.
 (/usr/share/texlive/texmf-dist/tex/latex/base/omscmr.fd
File: omscmr.fd 2014/09/29 v2.5h Standard LaTeX font definitions
)
LaTeX Font Info:    Font shape `OMS/cmr/m/n' in size <10> not available
(Font)              Font shape `OMS/cmsy/m/n' tried instead on input line 86.

Overfull \hbox (6.58926pt too wide) in paragraph at lines 115--116
[]\OT1/cmr/m/n/10 Being in-com-pre-hens-ible: two of the lay-ers (ses-sion and 
present-
 []

[2] [3]
Overfull \hbox (5.91724pt too wide) in paragraph at lines 185--186
[]\OT1/cmr/m/n/10 Higher band-widths, greater dis-tance between re-peat-ers (5k
m vs 50km),
 []

[4]
Underfull \hbox (badness 10000) in paragraph at lines 191--196

 []

[5]
Underfull \hbox (badness 3118) in paragraph at lines 245--245
[]|\OT1/cmr/m/n/10 Synchronization is-
 []


Underfull \hbox (badness 10000) in paragraph at lines 245--245
\OT1/cmr/m/n/10 sub-sequent frames
 []


Underfull \hbox (badness 10000) in paragraph at lines 245--245
\OT1/cmr/m/n/10 from er-ror point,
 []


Underfull \hbox (badness 6792) in paragraph at lines 245--245
\OT1/cmr/m/n/10 send-ing no ACK,
 []

[6] <persistent.png, id=36, 605.26125pt x 322.95656pt>
File: persistent.png Graphic file (type png)
 <use persistent.png>
Package pdftex.def Info: persistent.png used on input line 285.
(pdftex.def)             Requested size: 345.0pt x 184.08714pt.

Overfull \hbox (25.00003pt too wide) in paragraph at lines 285--286
[] 
 []

[7 <./persistent.png (PNG copy)>]
<adaptivetree.png, id=40, 479.54156pt x 193.47281pt>
File: adaptivetree.png Graphic file (type png)
 <use adaptivetree.png>
Package pdftex.def Info: adaptivetree.png used on input line 320.
(pdftex.def)             Requested size: 345.0pt x 139.19403pt.

Overfull \hbox (82.69998pt too wide) in paragraph at lines 319--321
[] 
 []

[8 <./adaptivetree.png>] <collision.png, id=44, 640.64343pt x 252.945pt>
File: collision.png Graphic file (type png)

<use collision.png>
Package pdftex.def Info: collision.png used on input line 357.
(pdftex.def)             Requested size: 345.0pt x 136.21774pt.

Overfull \hbox (47.00003pt too wide) in paragraph at lines 356--359
[] 
 []

[9 <./collision.png (PNG copy)>] [10]
Overfull \hbox (0.2561pt too wide) in paragraph at lines 429--430
[]\OT1/cmr/m/n/10 Within a net-work us-ing an in-terior gate-way pro-tocol (e.g
., OSPF) 
 []

<vc.png, id=52, 874.76813pt x 613.54219pt>
File: vc.png Graphic file (type png)
 <use vc.png>
Package pdftex.def Info: vc.png used on input line 435.
(pdftex.def)             Requested size: 345.0pt x 241.97672pt.

Overfull \hbox (25.00003pt too wide) in paragraph at lines 434--437
[] 
 []

[11 <./vc.png (PNG copy)>]
Underfull \hbox (badness 3713) in paragraph at lines 454--454
[]|\OT1/cmr/m/n/10 Each packet con-tains
 []


Underfull \hbox (badness 2837) in paragraph at lines 454--454
[]|\OT1/cmr/m/n/10 Routers do not hold
 []


Underfull \hbox (badness 10000) in paragraph at lines 454--454
[]|\OT1/cmr/m/n/10 Each VC re-quires
 []


Underfull \hbox (badness 2717) in paragraph at lines 454--454
[]|\OT1/cmr/m/n/10 All VCs that passed
 []


Underfull \hbox (badness 10000) in paragraph at lines 454--454
\OT1/cmr/m/n/10 through the failed
 []


Underfull \hbox (badness 10000) in paragraph at lines 454--454
[]|\OT1/cmr/m/n/10 Easy if enough re-
 []


Underfull \hbox (badness 10000) in paragraph at lines 454--454
[]|\OT1/cmr/m/n/10 Easy if enough re-
 []

<ip.png, id=56, 587.94656pt x 290.58563pt>
File: ip.png Graphic file (type png)
 <use ip.png>
Package pdftex.def Info: ip.png used on input line 464.
(pdftex.def)             Requested size: 345.0pt x 170.5129pt.

Overfull \hbox (25.00003pt too wide) in paragraph at lines 464--465
[] 
 []

[12 <./ip.png (PNG copy)>]
Overfull \hbox (112.43622pt too wide) in paragraph at lines 468--477
[] 
 []

<congestion.png, id=61, 483.30562pt x 307.90031pt>
File: congestion.png Graphic file (type png)
 <use congestion.png>
Package pdftex.def Info: congestion.png used on input line 498.
(pdftex.def)             Requested size: 345.0pt x 219.79938pt.

Overfull \hbox (47.00003pt too wide) in paragraph at lines 495--499
[] 
 []

[13 <./congestion.png>] [14]
Overfull \hbox (13.0041pt too wide) in paragraph at lines 537--539
[]\OT1/cmr/m/it/10 DIFFERENCES BETWEEN TRANS-PORT LAYER AND NET-WORK
 []

<tpdu.png, id=69, 1135.24126pt x 338.76563pt>
File: tpdu.png Graphic file (type png)
 <use tpdu.png>
Package pdftex.def Info: tpdu.png used on input line 560.
(pdftex.def)             Requested size: 345.0pt x 102.9486pt.

Overfull \hbox (65.7pt too wide) in paragraph at lines 559--561
[] 
 []

[15] <3way.png, id=73, 487.06969pt x 495.35063pt>
File: 3way.png Graphic file (type png)
 <use 3way.png>
Package pdftex.def Info: 3way.png used on input line 607.
(pdftex.def)             Requested size: 172.5pt x 175.43121pt.
 [16 <./tpdu.png>] <3wayrelease.png, id=77, 549.55313pt x 530.73282pt>
File: 3wayrelease.png Graphic file (type png)
 <use 3wayrelease.png>
Package pdftex.def Info: 3wayrelease.png used on input line 626.
(pdftex.def)             Requested size: 172.5pt x 166.59055pt.

[17 <./3way.png> <./3wayrelease.png>] [18]
Overfull \hbox (78.71533pt too wide) detected at line 735
\OML/cmm/m/it/10 cwnd\OT1/cmr/m/n/10 (\OML/cmm/m/it/10 i\OT1/cmr/m/n/10 ) = []
 []

<congestionwindow.png, id=85, 1111.15125pt x 517.18219pt>
File: congestionwindow.png Graphic file (type png)

<use congestionwindow.png>
Package pdftex.def Info: congestionwindow.png used on input line 738.
(pdftex.def)             Requested size: 345.0pt x 160.57735pt.

Overfull \hbox (65.7pt too wide) in paragraph at lines 737--739
[] 
 []

[19] [20 <./congestionwindow.png>]
Overfull \hbox (77.63957pt too wide) in paragraph at lines 777--791
[] 
 []

[21] <dns.png, id=96, 1122.44344pt x 465.99094pt>
File: dns.png Graphic file (type png)
 <use dns.png>
Package pdftex.def Info: dns.png used on input line 810.
(pdftex.def)             Requested size: 345.0pt x 143.22559pt.

Overfull \hbox (82.69998pt too wide) in paragraph at lines 809--811
[] 
 []

<emailsystem.png, id=97, 1142.76938pt x 359.09157pt>
File: emailsystem.png Graphic file (type png)
 <use emailsystem.png>
Package pdftex.def Info: emailsystem.png used on input line 837.
(pdftex.def)             Requested size: 345.0pt x 108.40773pt.

Overfull \hbox (82.69998pt too wide) in paragraph at lines 836--838
[] 
 []

[22 <./dns.png>] <www.png, id=101, 980.16188pt x 625.58719pt>
File: www.png Graphic file (type png)
 <use www.png>
Package pdftex.def Info: www.png used on input line 885.
(pdftex.def)             Requested size: 345.0pt x 220.19019pt.

Overfull \hbox (65.7pt too wide) in paragraph at lines 884--886
[] 
 []

[23 <./emailsystem.png>]
Overfull \hbox (44.38936pt too wide) in paragraph at lines 905--914
[] 
 []

[24 <./www.png>] <media.png, id=109, 1138.2525pt x 313.9228pt>
File: media.png Graphic file (type png)
 <use media.png>
Package pdftex.def Info: media.png used on input line 930.
(pdftex.def)             Requested size: 345.0pt x 95.14995pt.

Overfull \hbox (65.7pt too wide) in paragraph at lines 929--931
[] 
 []

[25 <./media.png>] <mediajitter.png, id=113, 693.34032pt x 296.60812pt>
File: mediajitter.png Graphic file (type png)

<use mediajitter.png>
Package pdftex.def Info: mediajitter.png used on input line 961.
(pdftex.def)             Requested size: 345.0pt x 147.59312pt.

Overfull \hbox (82.69998pt too wide) in paragraph at lines 960--962
[] 
 []

[26 <./mediajitter.png>] <encryption.png, id=117, 1035.87pt x 467.49657pt>
File: encryption.png Graphic file (type png)

<use encryption.png>
Package pdftex.def Info: encryption.png used on input line 972.
(pdftex.def)             Requested size: 345.0pt x 155.70102pt.

Overfull \hbox (47.00003pt too wide) in paragraph at lines 971--973
[] 
 []

[27 <./encryption.png (PNG copy)>]
Overfull \hbox (1.20042pt too wide) in paragraph at lines 1046--1047
[]\OT1/cmr/m/n/10 Inefficient (Can only start de-crypt-ing when 8 bytes fetched
) 
 []

<blockchaining.png, id=121, 926.71219pt x 325.96782pt>
File: blockchaining.png Graphic file (type png)
 <use blockchaining.png>
Package pdftex.def Info: blockchaining.png used on input line 1050.
(pdftex.def)             Requested size: 345.0pt x 121.35228pt.

Overfull \hbox (82.69998pt too wide) in paragraph at lines 1049--1051
[] 
 []

[28 <./blockchaining.png>]
Overfull \hbox (9.53384pt too wide) in paragraph at lines 1067--1068
[]\OT1/cmr/m/n/10 Inefficient (1 byte product for en-crypt-ing/-de-crypt-ing 8 
bytes) 
 []

<feedback.png, id=125, 719.68875pt x 372.64218pt>
File: feedback.png Graphic file (type png)
 <use feedback.png>
Package pdftex.def Info: feedback.png used on input line 1071.
(pdftex.def)             Requested size: 345.0pt x 178.63876pt.

Overfull \hbox (82.69998pt too wide) in paragraph at lines 1070--1072
[] 
 []

[29 <./feedback.png>] <stream.png, id=131, 756.57657pt x 322.95656pt>
File: stream.png Graphic file (type png)

<use stream.png>
Package pdftex.def Info: stream.png used on input line 1086.
(pdftex.def)             Requested size: 345.0pt x 147.2707pt.

Overfull \hbox (82.69998pt too wide) in paragraph at lines 1085--1087
[] 
 []

<counter.png, id=132, 890.5772pt x 278.54062pt>
File: counter.png Graphic file (type png)
 <use counter.png>
Package pdftex.def Info: counter.png used on input line 1101.
(pdftex.def)             Requested size: 345.0pt x 107.90361pt.

Overfull \hbox (82.69998pt too wide) in paragraph at lines 1100--1102
[] 
 []

[30 <./stream.png (PNG copy)> <./counter.png>]
<maninthemiddle.png, id=137, 548.0475pt x 112.92188pt>
File: maninthemiddle.png Graphic file (type png)

<use maninthemiddle.png>
Package pdftex.def Info: maninthemiddle.png used on input line 1171.
(pdftex.def)             Requested size: 345.0pt x 71.086pt.

Overfull \hbox (82.69998pt too wide) in paragraph at lines 1170--1172
[] 
 []

[31 <./maninthemiddle.png>] <sharedkey.png, id=141, 670.75594pt x 304.88907pt>
File: sharedkey.png Graphic file (type png)

<use sharedkey.png>
Package pdftex.def Info: sharedkey.png used on input line 1187.
(pdftex.def)             Requested size: 310.4979pt x 141.13458pt.

Overfull \hbox (48.19788pt too wide) in paragraph at lines 1186--1188
[] 
 []

<authpublickey.png, id=142, 536.0025pt x 344.78813pt>
File: authpublickey.png Graphic file (type png)
 <use authpublickey.png>
Package pdftex.def Info: authpublickey.png used on input line 1194.
(pdftex.def)             Requested size: 345.0pt x 221.92102pt.

Overfull \hbox (92.7pt too wide) in paragraph at lines 1193--1195
[] 
 []

[32 <./sharedkey.png> <./authpublickey.png>]
<kerberos.png, id=146, 804.00375pt x 523.9575pt>
File: kerberos.png Graphic file (type png)
 <use kerberos.png>
Package pdftex.def Info: kerberos.png used on input line 1208.
(pdftex.def)             Requested size: 345.0pt x 224.82562pt.

Overfull \hbox (92.7pt too wide) in paragraph at lines 1207--1209
[] 
 []

[33 <./kerberos.png>] [34] [35] (./comp90007_final_semester.aux) ) 
Here is how much of TeX's memory you used:
 7315 strings out of 493029
 102467 string characters out of 6136234
 205914 words of memory out of 5000000
 10677 multiletter control sequences out of 15000+600000
 12408 words of font info for 48 fonts, out of 8000000 for 9000
 1141 hyphenation exceptions out of 8191
 51i,12n,39p,1072b,660s stack positions out of 5000i,500n,10000p,200000b,80000s
</usr/share/t
exlive/texmf-dist/fonts/type1/public/amsfonts/cm/cmbx10.pfb></usr/share/texlive
/texmf-dist/fonts/type1/public/amsfonts/cm/cmbx12.pfb></usr/share/texlive/texmf
-dist/fonts/type1/public/amsfonts/cm/cmex10.pfb></usr/share/texlive/texmf-dist/
fonts/type1/public/amsfonts/cm/cmmi10.pfb></usr/share/texlive/texmf-dist/fonts/
type1/public/amsfonts/cm/cmmi7.pfb></usr/share/texlive/texmf-dist/fonts/type1/p
ublic/amsfonts/cm/cmr10.pfb></usr/share/texlive/texmf-dist/fonts/type1/public/a
msfonts/cm/cmr12.pfb></usr/share/texlive/texmf-dist/fonts/type1/public/amsfonts
/cm/cmr17.pfb></usr/share/texlive/texmf-dist/fonts/type1/public/amsfonts/cm/cmr
7.pfb></usr/share/texlive/texmf-dist/fonts/type1/public/amsfonts/cm/cmr8.pfb></
usr/share/texlive/texmf-dist/fonts/type1/public/amsfonts/cm/cmsy10.pfb></usr/sh
are/texlive/texmf-dist/fonts/type1/public/amsfonts/cm/cmti10.pfb></usr/share/te
xlive/texmf-dist/fonts/type1/public/amsfonts/cm/cmtt10.pfb></usr/share/texlive/
texmf-dist/fonts/type1/public/amsfonts/symbols/msbm10.pfb>
Output written on comp90007_final_semester.pdf (36 pages, 1800005 bytes).
PDF statistics:
 202 PDF objects out of 1000 (max. 8388607)
 123 compressed objects within 2 object streams
 0 named destinations out of 1000 (max. 500000)
 121 words of extra memory for PDF output out of 10000 (max. 10000000)

